#
# A fatal error has been detected by the Java Runtime Environment:
#
#  SIGBUS (0xa) at pc=0x000000010d393010, pid=60268, tid=48387
#
# JRE version: OpenJDK Runtime Environment (11.0.7+10) (build 11.0.7+10)
# Java VM: OpenJDK 64-Bit Server VM (11.0.7+10, mixed mode, tiered, compressed oops, parallel gc, bsd-amd64)
# Problematic frame:
# V  [libjvm.dylib+0x393010]  InterpreterRuntime::throw_ArrayIndexOutOfBoundsException(JavaThread*, arrayOopDesc*, int)+0x86
#
# No core dump will be written. Core dumps have been disabled. To enable core dumping, try "ulimit -c unlimited" before starting Java again
#
# If you would like to submit a bug report, please visit:
#   https://github.com/AdoptOpenJDK/openjdk-support/issues
#

---------------  S U M M A R Y ------------

Command Line: --add-modules=ALL-SYSTEM --add-opens=java.base/java.util=ALL-UNNAMED --add-opens=java.base/java.lang=ALL-UNNAMED -Declipse.application=org.eclipse.jdt.ls.core.id1 -Dosgi.bundles.defaultStartLevel=4 -Declipse.product=org.eclipse.jdt.ls.core.product -Dfile.encoding=utf8 -XX:+UseParallelGC -XX:GCTimeRatio=4 -XX:AdaptiveSizePolicyWeight=90 -Dsun.zip.disableMemoryMapping=true -Xmx1G -Xms100m -javaagent:/Users/loukkyy/.vscode/extensions/gabrielbb.vscode-lombok-1.0.1/server/lombok.jar -Xverify:none /Users/loukkyy/.vscode/extensions/redhat.java-0.67.0/server/plugins/org.eclipse.equinox.launcher_1.5.800.v20200727-1323.jar -configuration /Users/loukkyy/Library/Application Support/Code/User/globalStorage/redhat.java/0.67.0/config_ss_mac -data /Users/loukkyy/Library/Application Support/Code/User/workspaceStorage/1e71267e25d05a024739d8aeb5f4882a/redhat.java/ss_ws

Host: iMac18,3 x86_64 4200 MHz, 8 cores, 16G, Darwin 19.6.0
Time: Fri Sep 25 03:12:31 2020 CEST elapsed time: 4 seconds (0d 0h 0m 4s)

---------------  T H R E A D  ---------------

Current thread (0x00007fc56c2a9800):  JavaThread "pool-1-thread-1" [_thread_in_vm, id=48387, stack(0x0000700011b73000,0x0000700011c73000)]

Stack: [0x0000700011b73000,0x0000700011c73000],  sp=0x0000700011c71000,  free space=1016k
Native frames: (J=compiled Java code, A=aot compiled Java code, j=interpreted, Vv=VM code, C=native code)
V  [libjvm.dylib+0x393010]  InterpreterRuntime::throw_ArrayIndexOutOfBoundsException(JavaThread*, arrayOopDesc*, int)+0x86
j  org.eclipse.jdt.internal.compiler.parser.Scanner.getNextToken0()I+93
j  org.eclipse.jdt.internal.compiler.parser.Scanner.getNextToken()I+47
j  org.eclipse.jdt.internal.compiler.parser.Parser.parse()V+332
j  org.eclipse.jdt.internal.compiler.parser.Parser.parse(Lorg/eclipse/jdt/internal/compiler/env/ICompilationUnit;Lorg/eclipse/jdt/internal/compiler/CompilationResult;II)Lorg/eclipse/jdt/internal/compiler/ast/CompilationUnitDeclaration;+178
j  org.eclipse.jdt.internal.compiler.parser.Parser.parse(Lorg/eclipse/jdt/internal/compiler/env/ICompilationUnit;Lorg/eclipse/jdt/internal/compiler/CompilationResult;)Lorg/eclipse/jdt/internal/compiler/ast/CompilationUnitDeclaration;+5
j  org.eclipse.jdt.internal.compiler.SourceElementParser.parseCompilationUnit(Lorg/eclipse/jdt/internal/compiler/env/ICompilationUnit;ZLorg/eclipse/core/runtime/IProgressMonitor;)Lorg/eclipse/jdt/internal/compiler/ast/CompilationUnitDeclaration;+53
j  org.eclipse.jdt.internal.core.CompilationUnit.buildStructure(Lorg/eclipse/jdt/internal/core/OpenableElementInfo;Lorg/eclipse/core/runtime/IProgressMonitor;Ljava/util/Map;Lorg/eclipse/core/resources/IResource;)Z+537
J 3043 c1 org.eclipse.jdt.internal.core.Openable.generateInfos(Ljava/lang/Object;Ljava/util/HashMap;Lorg/eclipse/core/runtime/IProgressMonitor;)V (281 bytes) @ 0x000000011e349154 [0x000000011e348b40+0x0000000000000614]
J 3044 c1 org.eclipse.jdt.internal.core.JavaElement.openWhenClosed(Ljava/lang/Object;ZLorg/eclipse/core/runtime/IProgressMonitor;)Ljava/lang/Object; (169 bytes) @ 0x000000011e3529ec [0x000000011e3527e0+0x000000000000020c]
j  org.eclipse.jdt.internal.core.BecomeWorkingCopyOperation.executeOperation()V+29
j  org.eclipse.jdt.internal.core.JavaModelOperation.run(Lorg/eclipse/core/runtime/IProgressMonitor;)V+55
j  org.eclipse.jdt.internal.core.JavaModelOperation.runOperation(Lorg/eclipse/core/runtime/IProgressMonitor;)V+32
j  org.eclipse.jdt.internal.core.CompilationUnit.becomeWorkingCopy(Lorg/eclipse/jdt/core/IProblemRequestor;Lorg/eclipse/core/runtime/IProgressMonitor;)V+37
j  org.eclipse.jdt.internal.core.CompilationUnit.becomeWorkingCopy(Lorg/eclipse/core/runtime/IProgressMonitor;)V+23
j  org.eclipse.jdt.ls.core.internal.handlers.BaseDocumentLifeCycleHandler.handleOpen(Lorg/eclipse/lsp4j/DidOpenTextDocumentParams;)Lorg/eclipse/jdt/core/ICompilationUnit;+142
j  org.eclipse.jdt.ls.core.internal.handlers.BaseDocumentLifeCycleHandler$5.run(Lorg/eclipse/core/runtime/IProgressMonitor;)V+8
j  org.eclipse.core.internal.resources.Workspace.run(Lorg/eclipse/core/runtime/ICoreRunnable;Lorg/eclipse/core/runtime/jobs/ISchedulingRule;ILorg/eclipse/core/runtime/IProgressMonitor;)V+69
j  org.eclipse.core.internal.resources.Workspace.run(Lorg/eclipse/core/resources/IWorkspaceRunnable;Lorg/eclipse/core/runtime/jobs/ISchedulingRule;ILorg/eclipse/core/runtime/IProgressMonitor;)V+6
j  org.eclipse.jdt.ls.core.internal.handlers.BaseDocumentLifeCycleHandler.didOpen(Lorg/eclipse/lsp4j/DidOpenTextDocumentParams;)V+32
j  org.eclipse.jdt.ls.core.internal.syntaxserver.SyntaxLanguageServer.didOpen(Lorg/eclipse/lsp4j/DidOpenTextDocumentParams;)V+11
v  ~StubRoutines::call_stub
V  [libjvm.dylib+0x399a52]  JavaCalls::call_helper(JavaValue*, methodHandle const&, JavaCallArguments*, Thread*)+0x21a
V  [libjvm.dylib+0x64e0b5]  invoke(InstanceKlass*, methodHandle const&, Handle, bool, objArrayHandle, BasicType, objArrayHandle, bool, Thread*)+0x541
V  [libjvm.dylib+0x64db2a]  Reflection::invoke_method(oopDesc*, Handle, objArrayHandle, Thread*)+0xf4
V  [libjvm.dylib+0x4209cd]  JVM_InvokeMethod+0x21e
j  jdk.internal.reflect.NativeMethodAccessorImpl.invoke0(Ljava/lang/reflect/Method;Ljava/lang/Object;[Ljava/lang/Object;)Ljava/lang/Object;+0 java.base@11.0.7
j  jdk.internal.reflect.NativeMethodAccessorImpl.invoke(Ljava/lang/Object;[Ljava/lang/Object;)Ljava/lang/Object;+100 java.base@11.0.7
J 1029 c1 jdk.internal.reflect.DelegatingMethodAccessorImpl.invoke(Ljava/lang/Object;[Ljava/lang/Object;)Ljava/lang/Object; java.base@11.0.7 (10 bytes) @ 0x000000011df84e6c [0x000000011df84d60+0x000000000000010c]
J 1028 c1 java.lang.reflect.Method.invoke(Ljava/lang/Object;[Ljava/lang/Object;)Ljava/lang/Object; java.base@11.0.7 (65 bytes) @ 0x000000011df84864 [0x000000011df84520+0x0000000000000344]
j  org.eclipse.lsp4j.jsonrpc.services.GenericEndpoint.lambda$null$0(Lorg/eclipse/lsp4j/jsonrpc/services/AnnotationUtil$MethodInfo;Ljava/lang/Object;Ljava/lang/Object;)Ljava/util/concurrent/CompletableFuture;+20
j  org.eclipse.lsp4j.jsonrpc.services.GenericEndpoint$$Lambda$131.apply(Ljava/lang/Object;)Ljava/lang/Object;+13
j  org.eclipse.lsp4j.jsonrpc.services.GenericEndpoint.notify(Ljava/lang/String;Ljava/lang/Object;)V+18
j  org.eclipse.lsp4j.jsonrpc.RemoteEndpoint.handleNotification(Lorg/eclipse/lsp4j/jsonrpc/messages/NotificationMessage;)V+20
j  org.eclipse.lsp4j.jsonrpc.RemoteEndpoint.consume(Lorg/eclipse/lsp4j/jsonrpc/messages/Message;)V+14
j  org.eclipse.jdt.ls.core.internal.ParentProcessWatcher.lambda$0(Lorg/eclipse/lsp4j/jsonrpc/MessageConsumer;Lorg/eclipse/lsp4j/jsonrpc/messages/Message;)V+9
j  org.eclipse.jdt.ls.core.internal.ParentProcessWatcher$$Lambda$127.consume(Lorg/eclipse/lsp4j/jsonrpc/messages/Message;)V+9
j  org.eclipse.lsp4j.jsonrpc.json.StreamMessageProducer.handleMessage(Ljava/io/InputStream;Lorg/eclipse/lsp4j/jsonrpc/json/StreamMessageProducer$Headers;)Z+99
j  org.eclipse.lsp4j.jsonrpc.json.StreamMessageProducer.listen(Lorg/eclipse/lsp4j/jsonrpc/MessageConsumer;)V+158
j  org.eclipse.lsp4j.jsonrpc.json.ConcurrentMessageProcessor.run()V+12
j  java.util.concurrent.Executors$RunnableAdapter.call()Ljava/lang/Object;+4 java.base@11.0.7
j  java.util.concurrent.FutureTask.run()V+39 java.base@11.0.7
j  java.util.concurrent.ThreadPoolExecutor.runWorker(Ljava/util/concurrent/ThreadPoolExecutor$Worker;)V+92 java.base@11.0.7
j  java.util.concurrent.ThreadPoolExecutor$Worker.run()V+5 java.base@11.0.7
j  java.lang.Thread.run()V+11 java.base@11.0.7
v  ~StubRoutines::call_stub
V  [libjvm.dylib+0x399a52]  JavaCalls::call_helper(JavaValue*, methodHandle const&, JavaCallArguments*, Thread*)+0x21a
V  [libjvm.dylib+0x398e9c]  JavaCalls::call_virtual(JavaValue*, Klass*, Symbol*, Symbol*, JavaCallArguments*, Thread*)+0xee
V  [libjvm.dylib+0x398f58]  JavaCalls::call_virtual(JavaValue*, Handle, Klass*, Symbol*, Symbol*, Thread*)+0x62
V  [libjvm.dylib+0x41cdc9]  thread_entry(JavaThread*, Thread*)+0x78
V  [libjvm.dylib+0x6ec12c]  JavaThread::thread_main_inner()+0x82
V  [libjvm.dylib+0x6ebf76]  JavaThread::run()+0x174
V  [libjvm.dylib+0x6e9e52]  Thread::call_run()+0x68
V  [libjvm.dylib+0x5f18a3]  thread_native_entry(Thread*)+0x139
C  [libsystem_pthread.dylib+0x6109]  _pthread_start+0x94
C  [libsystem_pthread.dylib+0x1b8b]  thread_start+0xf

Java frames: (J=compiled Java code, j=interpreted, Vv=VM code)
j  org.eclipse.jdt.internal.compiler.parser.Scanner.getNextToken0()I+93
j  org.eclipse.jdt.internal.compiler.parser.Scanner.getNextToken()I+47
j  org.eclipse.jdt.internal.compiler.parser.Parser.parse()V+332
j  org.eclipse.jdt.internal.compiler.parser.Parser.parse(Lorg/eclipse/jdt/internal/compiler/env/ICompilationUnit;Lorg/eclipse/jdt/internal/compiler/CompilationResult;II)Lorg/eclipse/jdt/internal/compiler/ast/CompilationUnitDeclaration;+178
j  org.eclipse.jdt.internal.compiler.parser.Parser.parse(Lorg/eclipse/jdt/internal/compiler/env/ICompilationUnit;Lorg/eclipse/jdt/internal/compiler/CompilationResult;)Lorg/eclipse/jdt/internal/compiler/ast/CompilationUnitDeclaration;+5
j  org.eclipse.jdt.internal.compiler.SourceElementParser.parseCompilationUnit(Lorg/eclipse/jdt/internal/compiler/env/ICompilationUnit;ZLorg/eclipse/core/runtime/IProgressMonitor;)Lorg/eclipse/jdt/internal/compiler/ast/CompilationUnitDeclaration;+53
j  org.eclipse.jdt.internal.core.CompilationUnit.buildStructure(Lorg/eclipse/jdt/internal/core/OpenableElementInfo;Lorg/eclipse/core/runtime/IProgressMonitor;Ljava/util/Map;Lorg/eclipse/core/resources/IResource;)Z+537
J 3043 c1 org.eclipse.jdt.internal.core.Openable.generateInfos(Ljava/lang/Object;Ljava/util/HashMap;Lorg/eclipse/core/runtime/IProgressMonitor;)V (281 bytes) @ 0x000000011e349154 [0x000000011e348b40+0x0000000000000614]
J 3044 c1 org.eclipse.jdt.internal.core.JavaElement.openWhenClosed(Ljava/lang/Object;ZLorg/eclipse/core/runtime/IProgressMonitor;)Ljava/lang/Object; (169 bytes) @ 0x000000011e3529ec [0x000000011e3527e0+0x000000000000020c]
j  org.eclipse.jdt.internal.core.BecomeWorkingCopyOperation.executeOperation()V+29
j  org.eclipse.jdt.internal.core.JavaModelOperation.run(Lorg/eclipse/core/runtime/IProgressMonitor;)V+55
j  org.eclipse.jdt.internal.core.JavaModelOperation.runOperation(Lorg/eclipse/core/runtime/IProgressMonitor;)V+32
j  org.eclipse.jdt.internal.core.CompilationUnit.becomeWorkingCopy(Lorg/eclipse/jdt/core/IProblemRequestor;Lorg/eclipse/core/runtime/IProgressMonitor;)V+37
j  org.eclipse.jdt.internal.core.CompilationUnit.becomeWorkingCopy(Lorg/eclipse/core/runtime/IProgressMonitor;)V+23
j  org.eclipse.jdt.ls.core.internal.handlers.BaseDocumentLifeCycleHandler.handleOpen(Lorg/eclipse/lsp4j/DidOpenTextDocumentParams;)Lorg/eclipse/jdt/core/ICompilationUnit;+142
j  org.eclipse.jdt.ls.core.internal.handlers.BaseDocumentLifeCycleHandler$5.run(Lorg/eclipse/core/runtime/IProgressMonitor;)V+8
j  org.eclipse.core.internal.resources.Workspace.run(Lorg/eclipse/core/runtime/ICoreRunnable;Lorg/eclipse/core/runtime/jobs/ISchedulingRule;ILorg/eclipse/core/runtime/IProgressMonitor;)V+69
j  org.eclipse.core.internal.resources.Workspace.run(Lorg/eclipse/core/resources/IWorkspaceRunnable;Lorg/eclipse/core/runtime/jobs/ISchedulingRule;ILorg/eclipse/core/runtime/IProgressMonitor;)V+6
j  org.eclipse.jdt.ls.core.internal.handlers.BaseDocumentLifeCycleHandler.didOpen(Lorg/eclipse/lsp4j/DidOpenTextDocumentParams;)V+32
j  org.eclipse.jdt.ls.core.internal.syntaxserver.SyntaxLanguageServer.didOpen(Lorg/eclipse/lsp4j/DidOpenTextDocumentParams;)V+11
v  ~StubRoutines::call_stub
j  jdk.internal.reflect.NativeMethodAccessorImpl.invoke0(Ljava/lang/reflect/Method;Ljava/lang/Object;[Ljava/lang/Object;)Ljava/lang/Object;+0 java.base@11.0.7
j  jdk.internal.reflect.NativeMethodAccessorImpl.invoke(Ljava/lang/Object;[Ljava/lang/Object;)Ljava/lang/Object;+100 java.base@11.0.7
J 1029 c1 jdk.internal.reflect.DelegatingMethodAccessorImpl.invoke(Ljava/lang/Object;[Ljava/lang/Object;)Ljava/lang/Object; java.base@11.0.7 (10 bytes) @ 0x000000011df84e6c [0x000000011df84d60+0x000000000000010c]
J 1028 c1 java.lang.reflect.Method.invoke(Ljava/lang/Object;[Ljava/lang/Object;)Ljava/lang/Object; java.base@11.0.7 (65 bytes) @ 0x000000011df84864 [0x000000011df84520+0x0000000000000344]
j  org.eclipse.lsp4j.jsonrpc.services.GenericEndpoint.lambda$null$0(Lorg/eclipse/lsp4j/jsonrpc/services/AnnotationUtil$MethodInfo;Ljava/lang/Object;Ljava/lang/Object;)Ljava/util/concurrent/CompletableFuture;+20
j  org.eclipse.lsp4j.jsonrpc.services.GenericEndpoint$$Lambda$131.apply(Ljava/lang/Object;)Ljava/lang/Object;+13
j  org.eclipse.lsp4j.jsonrpc.services.GenericEndpoint.notify(Ljava/lang/String;Ljava/lang/Object;)V+18
j  org.eclipse.lsp4j.jsonrpc.RemoteEndpoint.handleNotification(Lorg/eclipse/lsp4j/jsonrpc/messages/NotificationMessage;)V+20
j  org.eclipse.lsp4j.jsonrpc.RemoteEndpoint.consume(Lorg/eclipse/lsp4j/jsonrpc/messages/Message;)V+14
j  org.eclipse.jdt.ls.core.internal.ParentProcessWatcher.lambda$0(Lorg/eclipse/lsp4j/jsonrpc/MessageConsumer;Lorg/eclipse/lsp4j/jsonrpc/messages/Message;)V+9
j  org.eclipse.jdt.ls.core.internal.ParentProcessWatcher$$Lambda$127.consume(Lorg/eclipse/lsp4j/jsonrpc/messages/Message;)V+9
j  org.eclipse.lsp4j.jsonrpc.json.StreamMessageProducer.handleMessage(Ljava/io/InputStream;Lorg/eclipse/lsp4j/jsonrpc/json/StreamMessageProducer$Headers;)Z+99
j  org.eclipse.lsp4j.jsonrpc.json.StreamMessageProducer.listen(Lorg/eclipse/lsp4j/jsonrpc/MessageConsumer;)V+158
j  org.eclipse.lsp4j.jsonrpc.json.ConcurrentMessageProcessor.run()V+12
j  java.util.concurrent.Executors$RunnableAdapter.call()Ljava/lang/Object;+4 java.base@11.0.7
j  java.util.concurrent.FutureTask.run()V+39 java.base@11.0.7
j  java.util.concurrent.ThreadPoolExecutor.runWorker(Ljava/util/concurrent/ThreadPoolExecutor$Worker;)V+92 java.base@11.0.7
j  java.util.concurrent.ThreadPoolExecutor$Worker.run()V+5 java.base@11.0.7
j  java.lang.Thread.run()V+11 java.base@11.0.7
v  ~StubRoutines::call_stub

siginfo: si_signo: 10 (SIGBUS), si_code: 2 (BUS_ADRERR), si_addr: 0x00000007ec41e8b4

Register to memory mapping:

RAX=0x000000010d932969: UseCompressedClassPointers+0 in /Library/Java/JavaVirtualMachines/adoptopenjdk-11.jdk/Contents/Home/lib/server/libjvm.dylib at 0x000000010d000000
RBX=0x00007fc56c2a9800 is a thread
RCX=0x0 is NULL
RDX=0x0000000000000007 is an unknown value
RSP=0x0000700011c71000 is pointing into the stack for thread: 0x00007fc56c2a9800
RBP=0x0000700011c710b0 is pointing into the stack for thread: 0x00007fc56c2a9800
RSI=0x0000000000000100 is an unknown value
RDI=0x00007fc56a6c2810 points into unknown readable memory: 00 00 00 00 00 00 00 00
R8 =0x0 is NULL
R9 =0x000000000000be89 is an unknown value
R10=0x00000000fffffe00 is an unknown value
R11=0x0000700011c70f3f is pointing into the stack for thread: 0x00007fc56c2a9800
R12=0x0000700011c71000 is pointing into the stack for thread: 0x00007fc56c2a9800
R13=0x00000007ec41e8a8 is an unallocated location in the heap
R14=0x0000700011c71058 is pointing into the stack for thread: 0x00007fc56c2a9800
R15=0x00000000000001bf is an unknown value


Registers:
RAX=0x000000010d932969, RBX=0x00007fc56c2a9800, RCX=0x0000000000000000, RDX=0x0000000000000007
RSP=0x0000700011c71000, RBP=0x0000700011c710b0, RSI=0x0000000000000100, RDI=0x00007fc56a6c2810
R8 =0x0000000000000000, R9 =0x000000000000be89, R10=0x00000000fffffe00, R11=0x0000700011c70f3f
R12=0x0000700011c71000, R13=0x00000007ec41e8a8, R14=0x0000700011c71058, R15=0x00000000000001bf
RIP=0x000000010d393010, EFLAGS=0x0000000000010202, ERR=0x0000000000000004
  TRAPNO=0x000000000000000e

Top of Stack: (sp=0x0000700011c71000)
0x0000700011c71000:   000000010d8e0908 0000005000000000
0x0000700011c71010:   0000000000000000 0000000000000000
0x0000700011c71020:   0000000000000000 0000000000000000
0x0000700011c71030:   0000000000000000 00007fc56a6c2810
0x0000700011c71040:   0000000000000000 0000000000000100
0x0000700011c71050:   0000000000000000 00007fc56bac7910
0x0000700011c71060:   00007fc56bb4afc0 00007fc56bb4afd0
0x0000700011c71070:   00007fc56bb4b3a8 00000000000003d8
0x0000700011c71080:   00007fc56c2a9800 00000000000001bf
0x0000700011c71090:   0000000000000000 0000000114c1438d
0x0000700011c710a0:   0000700011c71198 00007fc56c2a9800
0x0000700011c710b0:   0000700011c71118 000000011d8570ab
0x0000700011c710c0:   00000007ec41e8a8 000000011d857071
0x0000700011c710d0:   0000700011c710d0 0000000114c1438d
0x0000700011c710e0:   0000700011c71198 0000000114c1de38
0x0000700011c710f0:   0000000000000000 00000007c0ad79d0
0x0000700011c71100:   0000000114c153a0 0000000000000000
0x0000700011c71110:   0000700011c71198 0000700011c711e8
0x0000700011c71120:   000000011d8526c0 0000000000000000
0x0000700011c71130:   0000000000000000 0000000000000000
0x0000700011c71140:   0000000000000000 0000000000000000
0x0000700011c71150:   0000000000000000 0000000000000000
0x0000700011c71160:   0000000000000000 0000000000000000
0x0000700011c71170:   0000000000000000 00000000000001bf
0x0000700011c71180:   0000000000000001 0000000000000001
0x0000700011c71190:   00000000000001be 00000007c154beb8
0x0000700011c711a0:   0000700011c711a0 0000000114c141ef
0x0000700011c711b0:   0000700011c71200 0000000114c1de38
0x0000700011c711c0:   0000000000000000 00000007c0ad79d0
0x0000700011c711d0:   0000000114c142a0 0000700011c71198
0x0000700011c711e0:   0000700011c71200 0000700011c71258
0x0000700011c711f0:   000000011d8526c0 0000000000000000 

Instructions: (pc=0x000000010d393010)
0x000000010d392f10:   03 4c 8b 20 4c 89 a3 80 03 00 00 4d 85 f6 74 08
0x000000010d392f20:   4c 89 f7 e8 32 c5 32 00 48 8d 7d b0 e8 6f 1a 18
0x000000010d392f30:   00 48 8b 9b f0 00 00 00 4c 8b 73 08 48 8b 43 10
0x000000010d392f40:   48 83 38 00 74 19 48 8b 73 28 4c 89 f7 e8 7e 5b
0x000000010d392f50:   d5 ff 48 8b 7b 10 e8 3d 5a d5 ff 48 8b 43 10 49
0x000000010d392f60:   89 46 10 48 8b 43 18 49 89 46 18 48 8b 43 20 49
0x000000010d392f70:   89 46 20 48 8d 7d d8 e8 8c 36 e0 ff 48 83 c4 30
0x000000010d392f80:   5b 41 5c 41 5e 41 5f 5d c3 90 55 48 89 e5 41 57
0x000000010d392f90:   41 56 41 55 41 54 53 48 81 ec 88 00 00 00 41 89
0x000000010d392fa0:   d7 49 89 f5 48 89 fb 48 89 7d d0 c7 87 b8 03 00
0x000000010d392fb0:   00 06 00 00 00 be 03 00 00 00 48 89 fa e8 90 fa
0x000000010d392fc0:   ff ff 48 83 7b 08 00 0f 85 9c 00 00 00 48 8b 83
0x000000010d392fd0:   70 02 00 00 4c 8d 75 a8 49 89 06 0f 10 40 10 41
0x000000010d392fe0:   0f 11 46 08 0f 10 40 20 41 0f 11 46 18 4c 8d a5
0x000000010d392ff0:   50 ff ff ff be 00 01 00 00 4c 89 e7 e8 5d 80 26
0x000000010d393000:   00 48 8d 05 61 f9 59 00 31 c9 80 38 00 0f 94 c1
0x000000010d393010:   41 8b 4c 8d 0c 48 8d 35 39 97 3e 00 31 c0 4c 89
0x000000010d393020:   e7 44 89 fa e8 51 79 26 00 48 8d 05 f0 a8 5c 00
0x000000010d393030:   4c 8b b8 68 03 00 00 4c 89 e7 e8 19 82 26 00 48
0x000000010d393040:   8d 35 60 cb 40 00 ba cb 01 00 00 48 89 df 4c 89
0x000000010d393050:   f9 49 89 c0 e8 ab a7 f4 ff 4c 89 e7 e8 59 82 26
0x000000010d393060:   00 4c 89 f7 e8 37 19 18 00 48 8b 9b f0 00 00 00
0x000000010d393070:   4c 8b 73 08 48 8b 43 10 48 83 38 00 74 19 48 8b
0x000000010d393080:   73 28 4c 89 f7 e8 46 5a d5 ff 48 8b 7b 10 e8 05
0x000000010d393090:   59 d5 ff 48 8b 43 10 49 89 46 10 48 8b 43 18 49
0x000000010d3930a0:   89 46 18 48 8b 43 20 49 89 46 20 48 8d 7d d0 e8
0x000000010d3930b0:   54 35 e0 ff 48 81 c4 88 00 00 00 5b 41 5c 41 5d
0x000000010d3930c0:   41 5e 41 5f 5d c3 55 48 89 e5 41 56 53 48 83 ec
0x000000010d3930d0:   30 48 89 fb 48 89 7d e8 c7 87 b8 03 00 00 06 00
0x000000010d3930e0:   00 00 48 8b 87 70 02 00 00 48 89 45 c0 0f 10 40
0x000000010d3930f0:   10 0f 11 45 c8 0f 10 40 20 0f 11 45 d8 48 8d 05
0x000000010d393100:   65 f8 59 00 80 38 00 74 15 8b 76 08 48 8d 05 dd 


Stack slot to memory mapping:
stack at sp + 0 slots: 0x000000010d8e0908: _ZTV12stringStream+0x10 in /Library/Java/JavaVirtualMachines/adoptopenjdk-11.jdk/Contents/Home/lib/server/libjvm.dylib at 0x000000010d000000
stack at sp + 1 slots: 0x0000005000000000 is an unknown value
stack at sp + 2 slots: 0x0 is NULL
stack at sp + 3 slots: 0x0 is NULL
stack at sp + 4 slots: 0x0 is NULL
stack at sp + 5 slots: 0x0 is NULL
stack at sp + 6 slots: 0x0 is NULL
stack at sp + 7 slots: 0x00007fc56a6c2810 points into unknown readable memory: 00 00 00 00 00 00 00 00


---------------  P R O C E S S  ---------------

Threads class SMR info:
_java_thread_list=0x00007fc56b9e6c00, length=23, elements={
0x00007fc56c009000, 0x00007fc56a825800, 0x00007fc56a82a800, 0x00007fc56c81e800,
0x00007fc56c824800, 0x00007fc56d00f800, 0x00007fc56c053800, 0x00007fc56e07a000,
0x00007fc56e0af000, 0x00007fc570841800, 0x00007fc56c090800, 0x00007fc56c09d000,
0x00007fc56c124000, 0x00007fc56c23f800, 0x00007fc56c25e000, 0x00007fc56cb61000,
0x00007fc56d18e000, 0x00007fc56aaf9800, 0x00007fc56d1b4800, 0x00007fc56d17a000,
0x00007fc56c2a9800, 0x00007fc56da30000, 0x00007fc56a82c000
}

Java Threads: ( => current thread )
  0x00007fc56c009000 JavaThread "main" [_thread_blocked, id=9987, stack(0x000070000fae9000,0x000070000fbe9000)]
  0x00007fc56a825800 JavaThread "Reference Handler" daemon [_thread_blocked, id=12035, stack(0x000070000fdf2000,0x000070000fef2000)]
  0x00007fc56a82a800 JavaThread "Finalizer" daemon [_thread_blocked, id=19459, stack(0x000070000fef5000,0x000070000fff5000)]
  0x00007fc56c81e800 JavaThread "Signal Dispatcher" daemon [_thread_blocked, id=14595, stack(0x00007000100fe000,0x00007000101fe000)]
  0x00007fc56c824800 JavaThread "C2 CompilerThread0" daemon [_thread_in_native, id=15363, stack(0x0000700010201000,0x0000700010301000)]
  0x00007fc56d00f800 JavaThread "C1 CompilerThread0" daemon [_thread_blocked, id=15619, stack(0x0000700010304000,0x0000700010404000)]
  0x00007fc56c053800 JavaThread "Sweeper thread" daemon [_thread_blocked, id=17155, stack(0x0000700010407000,0x0000700010507000)]
  0x00007fc56e07a000 JavaThread "Common-Cleaner" daemon [_thread_blocked, id=16643, stack(0x000070001050a000,0x000070001060a000)]
  0x00007fc56e0af000 JavaThread "Service Thread" daemon [_thread_blocked, id=43267, stack(0x000070001060d000,0x000070001070d000)]
  0x00007fc570841800 JavaThread "process reaper" daemon [_thread_blocked, id=23811, stack(0x0000700010a19000,0x0000700010a3d000)]
  0x00007fc56c090800 JavaThread "Active Thread: Equinox Container: 5aca4ddd-daac-422a-9d69-7e011f3a110a" [_thread_blocked, id=41731, stack(0x0000700010b43000,0x0000700010c43000)]
  0x00007fc56c09d000 JavaThread "Framework Event Dispatcher: Equinox Container: 5aca4ddd-daac-422a-9d69-7e011f3a110a" daemon [_thread_blocked, id=24579, stack(0x0000700010c46000,0x0000700010d46000)]
  0x00007fc56c124000 JavaThread "Start Level: Equinox Container: 5aca4ddd-daac-422a-9d69-7e011f3a110a" daemon [_thread_blocked, id=40451, stack(0x0000700010d49000,0x0000700010e49000)]
  0x00007fc56c23f800 JavaThread "SCR Component Actor" daemon [_thread_blocked, id=27911, stack(0x0000700010e4c000,0x0000700010f4c000)]
  0x00007fc56c25e000 JavaThread "Timer-0" daemon [_thread_blocked, id=85591, stack(0x0000700011155000,0x0000700011255000)]
  0x00007fc56cb61000 JavaThread "Worker-JM" [_thread_blocked, id=45571, stack(0x0000700011258000,0x0000700011358000)]
  0x00007fc56d18e000 JavaThread "Worker-0" [_thread_blocked, id=45827, stack(0x000070001135b000,0x000070001145b000)]
  0x00007fc56aaf9800 JavaThread "Worker-1" [_thread_blocked, id=47619, stack(0x000070001186a000,0x000070001196a000)]
  0x00007fc56d1b4800 JavaThread "Worker-2" [_thread_blocked, id=48131, stack(0x0000700011a70000,0x0000700011b70000)]
  0x00007fc56d17a000 JavaThread "pool-2-thread-1" [_thread_blocked, id=82439, stack(0x000070001196d000,0x0000700011a6d000)]
=>0x00007fc56c2a9800 JavaThread "pool-1-thread-1" [_thread_in_vm, id=48387, stack(0x0000700011b73000,0x0000700011c73000)]
  0x00007fc56da30000 JavaThread "C2 CompilerThread1" daemon [_thread_blocked, id=81423, stack(0x0000700010813000,0x0000700010913000)]
  0x00007fc56a82c000 JavaThread "C2 CompilerThread2" daemon [_thread_in_native, id=49423, stack(0x0000700010916000,0x0000700010a16000)]

Other Threads:
  0x00007fc56d834000 VMThread "VM Thread" [stack: 0x000070000fcef000,0x000070000fdef000] [id=20227]
  0x00007fc56d06e000 WatcherThread [stack: 0x0000700010710000,0x0000700010810000] [id=22275]
  0x00007fc56c012000 GCTaskThread "ParGC Thread#0" [stack: 0x000070000fbec000,0x000070000fcec000] [id=21251]
  0x00007fc56c84f800 GCTaskThread "ParGC Thread#1" [stack: 0x0000700010a40000,0x0000700010b40000] [id=42243]
  0x00007fc56d158000 GCTaskThread "ParGC Thread#2" [stack: 0x0000700010f4f000,0x000070001104f000] [id=44307]
  0x00007fc56d165000 GCTaskThread "ParGC Thread#3" [stack: 0x0000700011052000,0x0000700011152000] [id=45059]
  0x00007fc56c293000 GCTaskThread "ParGC Thread#4" [stack: 0x000070001145e000,0x000070001155e000] [id=84227]
  0x00007fc570a31000 GCTaskThread "ParGC Thread#5" [stack: 0x0000700011561000,0x0000700011661000] [id=83971]
  0x00007fc56cb94000 GCTaskThread "ParGC Thread#6" [stack: 0x0000700011664000,0x0000700011764000] [id=46595]
  0x00007fc56cb94800 GCTaskThread "ParGC Thread#7" [stack: 0x0000700011767000,0x0000700011867000] [id=47107]

Threads with active compile tasks:
C2 CompilerThread0   4155 3001       4       org.eclipse.jdt.internal.core.JarPackageFragmentRoot::initRawPackageInfo (349 bytes)
C2 CompilerThread2   4155 3307       4       org.objectweb.asm.SymbolTable::addConstantNameAndType (28 bytes)

VM state:not at safepoint (normal execution)

VM Mutex/Monitor currently owned by a thread: None

Heap address: 0x00000007c0000000, size: 1024 MB, Compressed Oops mode: Zero based, Oop shift amount: 3
Narrow klass base: 0x0000000800000000, Narrow klass shift: 0
Compressed class space size: 1073741824 Address: 0x0000000800000000

Heap:
 PSYoungGen      total 23040K, used 255K [0x00000007eab00000, 0x00000007ec380000, 0x0000000800000000)
  eden space 22016K, 1% used [0x00000007eab00000,0x00000007eab3fff0,0x00000007ec080000)
  from space 1024K, 0% used [0x00000007ec080000,0x00000007ec080000,0x00000007ec180000)
  to   space 1536K, 0% used [0x00000007ec200000,0x00000007ec200000,0x00000007ec380000)
 ParOldGen       total 68608K, used 21984K [0x00000007c0000000, 0x00000007c4300000, 0x00000007eab00000)
  object space 68608K, 32% used [0x00000007c0000000,0x00000007c1578058,0x00000007c4300000)
 Metaspace       used 33232K, capacity 35152K, committed 35584K, reserved 1081344K
  class space    used 3137K, capacity 3738K, committed 3840K, reserved 1048576K

Card table byte_map: [0x000000010df27000,0x000000010e128000] _byte_map_base: 0x000000010a127000

Marking Bits: (ParMarkBitMap*) 0x000000010d944cc0
 Begin Bits: [0x000000010e27e000, 0x000000010f27e000)
 End Bits:   [0x000000010f27e000, 0x000000011027e000)

Polling page: 0x000000010bf75000

Metaspace:

Usage:
  Non-class:     30.68 MB capacity,    29.39 MB ( 96%) used,     1.22 MB (  4%) free+waste,    68.69 KB ( <1%) overhead. 
      Class:      3.65 MB capacity,     3.06 MB ( 84%) used,   568.74 KB ( 15%) free+waste,    32.25 KB ( <1%) overhead. 
       Both:     34.33 MB capacity,    32.45 MB ( 95%) used,     1.78 MB (  5%) free+waste,   100.94 KB ( <1%) overhead. 

Virtual space:
  Non-class space:       32.00 MB reserved,      31.00 MB ( 97%) committed 
      Class space:        1.00 GB reserved,       3.75 MB ( <1%) committed 
             Both:        1.03 GB reserved,      34.75 MB (  3%) committed 

Chunk freelists:
   Non-Class:  134.00 KB
       Class:  6.00 KB
        Both:  140.00 KB

MaxMetaspaceSize: unlimited
CompressedClassSpaceSize: 1.00 GB

CodeHeap 'non-profiled nmethods': size=120032Kb used=1295Kb max_used=1295Kb free=118736Kb
 bounds [0x0000000125311000, 0x0000000125581000, 0x000000012c849000]
CodeHeap 'profiled nmethods': size=120028Kb used=6366Kb max_used=6366Kb free=113661Kb
 bounds [0x000000011ddda000, 0x000000011e41a000, 0x0000000125311000]
CodeHeap 'non-nmethods': size=5700Kb used=1180Kb max_used=1218Kb free=4519Kb
 bounds [0x000000011d849000, 0x000000011dab9000, 0x000000011ddda000]
 total_blobs=4682 nmethods=3012 adapters=450
 compilation: enabled
              stopped_count=0, restarted_count=0
 full_count=0

Compilation events (20 events):
Event: 4.033 Thread 0x00007fc56d00f800 3329       3       java.util.regex.Matcher::groupCount (10 bytes)
Event: 4.033 Thread 0x00007fc56d00f800 nmethod 3329 0x000000011e40d490 code [0x000000011e40d640, 0x000000011e40d7b0]
Event: 4.033 Thread 0x00007fc56d00f800 3323       3       org.objectweb.asm.MethodVisitor::visitLineNumber (17 bytes)
Event: 4.033 Thread 0x00007fc56d00f800 nmethod 3323 0x000000011e40d890 code [0x000000011e40da60, 0x000000011e40dcc8]
Event: 4.033 Thread 0x00007fc56d00f800 3327       3       org.objectweb.asm.MethodVisitor::visitLabel (16 bytes)
Event: 4.033 Thread 0x00007fc56d00f800 nmethod 3327 0x000000011e40dd90 code [0x000000011e40df60, 0x000000011e40e1c8]
Event: 4.033 Thread 0x00007fc56d00f800 3324       3       org.objectweb.asm.MethodWriter::visitInsn (115 bytes)
Event: 4.034 Thread 0x00007fc56d00f800 nmethod 3324 0x000000011e40e290 code [0x000000011e40e480, 0x000000011e40e8c8]
Event: 4.039 Thread 0x00007fc56d00f800 3332       3       org.objectweb.asm.SymbolTable::put (150 bytes)
Event: 4.040 Thread 0x00007fc56d00f800 nmethod 3332 0x000000011e40ea90 code [0x000000011e40ec80, 0x000000011e40f450]
Event: 4.040 Thread 0x00007fc56d00f800 3334       3       org.objectweb.asm.ByteVector::putInt (74 bytes)
Event: 4.040 Thread 0x00007fc56d00f800 nmethod 3334 0x000000011e40f710 code [0x000000011e40f8e0, 0x000000011e40fb88]
Event: 4.040 Thread 0x00007fc56d00f800 3336   !   3       java.net.URL::<init> (543 bytes)
Event: 4.045 Thread 0x00007fc56d00f800 nmethod 3336 0x000000011e40fd10 code [0x000000011e4103a0, 0x000000011e413d48]
Event: 4.045 Thread 0x00007fc56d00f800 3333       3       java.util.regex.Pattern$LastNode::match (45 bytes)
Event: 4.045 Thread 0x00007fc56d00f800 nmethod 3333 0x000000011e415e90 code [0x000000011e416040, 0x000000011e416290]
Event: 4.045 Thread 0x00007fc56d00f800 3335       3       sun.net.www.protocol.file.Handler::parseURL (18 bytes)
Event: 4.045 Thread 0x00007fc56d00f800 nmethod 3335 0x000000011e416390 code [0x000000011e416560, 0x000000011e416758]
Event: 4.048 Thread 0x00007fc56d00f800 3337       3       org.eclipse.core.runtime.jobs.Job::getJobGroup (5 bytes)
Event: 4.049 Thread 0x00007fc56d00f800 nmethod 3337 0x000000011e416890 code [0x000000011e416a40, 0x000000011e416bb0]

GC Heap History (20 events):
Event: 3.229 GC heap before
{Heap before GC invocations=8 (full 1):
 PSYoungGen      total 27136K, used 27120K [0x00000007eab00000, 0x00000007ec900000, 0x0000000800000000)
  eden space 24576K, 100% used [0x00000007eab00000,0x00000007ec300000,0x00000007ec300000)
  from space 2560K, 99% used [0x00000007ec600000,0x00000007ec87c090,0x00000007ec880000)
  to   space 3072K, 0% used [0x00000007ec300000,0x00000007ec300000,0x00000007ec600000)
 ParOldGen       total 68608K, used 6734K [0x00000007c0000000, 0x00000007c4300000, 0x00000007eab00000)
  object space 68608K, 9% used [0x00000007c0000000,0x00000007c0693b20,0x00000007c4300000)
 Metaspace       used 30515K, capacity 32221K, committed 32512K, reserved 1079296K
  class space    used 2925K, capacity 3549K, committed 3584K, reserved 1048576K
}
Event: 3.231 GC heap after
{Heap after GC invocations=8 (full 1):
 PSYoungGen      total 27136K, used 3071K [0x00000007eab00000, 0x00000007ecb80000, 0x0000000800000000)
  eden space 24064K, 0% used [0x00000007eab00000,0x00000007eab00000,0x00000007ec280000)
  from space 3072K, 99% used [0x00000007ec300000,0x00000007ec5ffe58,0x00000007ec600000)
  to   space 4608K, 0% used [0x00000007ec700000,0x00000007ec700000,0x00000007ecb80000)
 ParOldGen       total 68608K, used 7602K [0x00000007c0000000, 0x00000007c4300000, 0x00000007eab00000)
  object space 68608K, 11% used [0x00000007c0000000,0x00000007c076cb50,0x00000007c4300000)
 Metaspace       used 30515K, capacity 32221K, committed 32512K, reserved 1079296K
  class space    used 2925K, capacity 3549K, committed 3584K, reserved 1048576K
}
Event: 3.355 GC heap before
{Heap before GC invocations=9 (full 1):
 PSYoungGen      total 27136K, used 27135K [0x00000007eab00000, 0x00000007ecb80000, 0x0000000800000000)
  eden space 24064K, 100% used [0x00000007eab00000,0x00000007ec280000,0x00000007ec280000)
  from space 3072K, 99% used [0x00000007ec300000,0x00000007ec5ffe58,0x00000007ec600000)
  to   space 4608K, 0% used [0x00000007ec700000,0x00000007ec700000,0x00000007ecb80000)
 ParOldGen       total 68608K, used 7602K [0x00000007c0000000, 0x00000007c4300000, 0x00000007eab00000)
  object space 68608K, 11% used [0x00000007c0000000,0x00000007c076cb50,0x00000007c4300000)
 Metaspace       used 30688K, capacity 32375K, committed 32512K, reserved 1079296K
  class space    used 2941K, capacity 3558K, committed 3584K, reserved 1048576K
}
Event: 3.359 GC heap after
{Heap after GC invocations=9 (full 1):
 PSYoungGen      total 27648K, used 4600K [0x00000007eab00000, 0x00000007ecd00000, 0x0000000800000000)
  eden space 23040K, 0% used [0x00000007eab00000,0x00000007eab00000,0x00000007ec180000)
  from space 4608K, 99% used [0x00000007ec700000,0x00000007ecb7e1d0,0x00000007ecb80000)
  to   space 5632K, 0% used [0x00000007ec180000,0x00000007ec180000,0x00000007ec700000)
 ParOldGen       total 68608K, used 8058K [0x00000007c0000000, 0x00000007c4300000, 0x00000007eab00000)
  object space 68608K, 11% used [0x00000007c0000000,0x00000007c07deb50,0x00000007c4300000)
 Metaspace       used 30688K, capacity 32375K, committed 32512K, reserved 1079296K
  class space    used 2941K, capacity 3558K, committed 3584K, reserved 1048576K
}
Event: 3.432 GC heap before
{Heap before GC invocations=10 (full 1):
 PSYoungGen      total 27648K, used 27640K [0x00000007eab00000, 0x00000007ecd00000, 0x0000000800000000)
  eden space 23040K, 100% used [0x00000007eab00000,0x00000007ec180000,0x00000007ec180000)
  from space 4608K, 99% used [0x00000007ec700000,0x00000007ecb7e1d0,0x00000007ecb80000)
  to   space 5632K, 0% used [0x00000007ec180000,0x00000007ec180000,0x00000007ec700000)
 ParOldGen       total 68608K, used 8058K [0x00000007c0000000, 0x00000007c4300000, 0x00000007eab00000)
  object space 68608K, 11% used [0x00000007c0000000,0x00000007c07deb50,0x00000007c4300000)
 Metaspace       used 30717K, capacity 32376K, committed 32512K, reserved 1079296K
  class space    used 2941K, capacity 3558K, committed 3584K, reserved 1048576K
}
Event: 3.435 GC heap after
{Heap after GC invocations=10 (full 1):
 PSYoungGen      total 27136K, used 4576K [0x00000007eab00000, 0x00000007ecb00000, 0x0000000800000000)
  eden space 22528K, 0% used [0x00000007eab00000,0x00000007eab00000,0x00000007ec100000)
  from space 4608K, 99% used [0x00000007ec180000,0x00000007ec5f8020,0x00000007ec600000)
  to   space 5120K, 0% used [0x00000007ec600000,0x00000007ec600000,0x00000007ecb00000)
 ParOldGen       total 68608K, used 9988K [0x00000007c0000000, 0x00000007c4300000, 0x00000007eab00000)
  object space 68608K, 14% used [0x00000007c0000000,0x00000007c09c1228,0x00000007c4300000)
 Metaspace       used 30717K, capacity 32376K, committed 32512K, reserved 1079296K
  class space    used 2941K, capacity 3558K, committed 3584K, reserved 1048576K
}
Event: 3.496 GC heap before
{Heap before GC invocations=11 (full 1):
 PSYoungGen      total 27136K, used 27104K [0x00000007eab00000, 0x00000007ecb00000, 0x0000000800000000)
  eden space 22528K, 100% used [0x00000007eab00000,0x00000007ec100000,0x00000007ec100000)
  from space 4608K, 99% used [0x00000007ec180000,0x00000007ec5f8020,0x00000007ec600000)
  to   space 5120K, 0% used [0x00000007ec600000,0x00000007ec600000,0x00000007ecb00000)
 ParOldGen       total 68608K, used 9988K [0x00000007c0000000, 0x00000007c4300000, 0x00000007eab00000)
  object space 68608K, 14% used [0x00000007c0000000,0x00000007c09c1228,0x00000007c4300000)
 Metaspace       used 30812K, capacity 32504K, committed 32768K, reserved 1079296K
  class space    used 2945K, capacity 3558K, committed 3584K, reserved 1048576K
}
Event: 3.500 GC heap after
{Heap after GC invocations=11 (full 1):
 PSYoungGen      total 26112K, used 3826K [0x00000007eab00000, 0x00000007eca00000, 0x0000000800000000)
  eden space 22016K, 0% used [0x00000007eab00000,0x00000007eab00000,0x00000007ec080000)
  from space 4096K, 93% used [0x00000007ec600000,0x00000007ec9bcb28,0x00000007eca00000)
  to   space 4608K, 0% used [0x00000007ec100000,0x00000007ec100000,0x00000007ec580000)
 ParOldGen       total 68608K, used 12613K [0x00000007c0000000, 0x00000007c4300000, 0x00000007eab00000)
  object space 68608K, 18% used [0x00000007c0000000,0x00000007c0c517a0,0x00000007c4300000)
 Metaspace       used 30812K, capacity 32504K, committed 32768K, reserved 1079296K
  class space    used 2945K, capacity 3558K, committed 3584K, reserved 1048576K
}
Event: 3.561 GC heap before
{Heap before GC invocations=12 (full 1):
 PSYoungGen      total 26112K, used 25842K [0x00000007eab00000, 0x00000007eca00000, 0x0000000800000000)
  eden space 22016K, 100% used [0x00000007eab00000,0x00000007ec080000,0x00000007ec080000)
  from space 4096K, 93% used [0x00000007ec600000,0x00000007ec9bcb28,0x00000007eca00000)
  to   space 4608K, 0% used [0x00000007ec100000,0x00000007ec100000,0x00000007ec580000)
 ParOldGen       total 68608K, used 12613K [0x00000007c0000000, 0x00000007c4300000, 0x00000007eab00000)
  object space 68608K, 18% used [0x00000007c0000000,0x00000007c0c517a0,0x00000007c4300000)
 Metaspace       used 30889K, capacity 32600K, committed 32896K, reserved 1079296K
  class space    used 2952K, capacity 3590K, committed 3712K, reserved 1048576K
}
Event: 3.565 GC heap after
{Heap after GC invocations=12 (full 1):
 PSYoungGen      total 24576K, used 2400K [0x00000007eab00000, 0x00000007ec680000, 0x0000000800000000)
  eden space 22016K, 0% used [0x00000007eab00000,0x00000007eab00000,0x00000007ec080000)
  from space 2560K, 93% used [0x00000007ec100000,0x00000007ec358010,0x00000007ec380000)
  to   space 3072K, 0% used [0x00000007ec380000,0x00000007ec380000,0x00000007ec680000)
 ParOldGen       total 68608K, used 16304K [0x00000007c0000000, 0x00000007c4300000, 0x00000007eab00000)
  object space 68608K, 23% used [0x00000007c0000000,0x00000007c0fec2c8,0x00000007c4300000)
 Metaspace       used 30889K, capacity 32600K, committed 32896K, reserved 1079296K
  class space    used 2952K, capacity 3590K, committed 3712K, reserved 1048576K
}
Event: 3.602 GC heap before
{Heap before GC invocations=13 (full 1):
 PSYoungGen      total 24576K, used 24416K [0x00000007eab00000, 0x00000007ec680000, 0x0000000800000000)
  eden space 22016K, 100% used [0x00000007eab00000,0x00000007ec080000,0x00000007ec080000)
  from space 2560K, 93% used [0x00000007ec100000,0x00000007ec358010,0x00000007ec380000)
  to   space 3072K, 0% used [0x00000007ec380000,0x00000007ec380000,0x00000007ec680000)
 ParOldGen       total 68608K, used 16304K [0x00000007c0000000, 0x00000007c4300000, 0x00000007eab00000)
  object space 68608K, 23% used [0x00000007c0000000,0x00000007c0fec2c8,0x00000007c4300000)
 Metaspace       used 30893K, capacity 32664K, committed 32896K, reserved 1079296K
  class space    used 2952K, capacity 3590K, committed 3712K, reserved 1048576K
}
Event: 3.605 GC heap after
{Heap after GC invocations=13 (full 1):
 PSYoungGen      total 24576K, used 2272K [0x00000007eab00000, 0x00000007ec600000, 0x0000000800000000)
  eden space 22016K, 0% used [0x00000007eab00000,0x00000007eab00000,0x00000007ec080000)
  from space 2560K, 88% used [0x00000007ec380000,0x00000007ec5b8010,0x00000007ec600000)
  to   space 2560K, 0% used [0x00000007ec100000,0x00000007ec100000,0x00000007ec380000)
 ParOldGen       total 68608K, used 18587K [0x00000007c0000000, 0x00000007c4300000, 0x00000007eab00000)
  object space 68608K, 27% used [0x00000007c0000000,0x00000007c1226fd8,0x00000007c4300000)
 Metaspace       used 30893K, capacity 32664K, committed 32896K, reserved 1079296K
  class space    used 2952K, capacity 3590K, committed 3712K, reserved 1048576K
}
Event: 3.652 GC heap before
{Heap before GC invocations=14 (full 1):
 PSYoungGen      total 24576K, used 24288K [0x00000007eab00000, 0x00000007ec600000, 0x0000000800000000)
  eden space 22016K, 100% used [0x00000007eab00000,0x00000007ec080000,0x00000007ec080000)
  from space 2560K, 88% used [0x00000007ec380000,0x00000007ec5b8010,0x00000007ec600000)
  to   space 2560K, 0% used [0x00000007ec100000,0x00000007ec100000,0x00000007ec380000)
 ParOldGen       total 68608K, used 18587K [0x00000007c0000000, 0x00000007c4300000, 0x00000007eab00000)
  object space 68608K, 27% used [0x00000007c0000000,0x00000007c1226fd8,0x00000007c4300000)
 Metaspace       used 30893K, capacity 32664K, committed 32896K, reserved 1079296K
  class space    used 2952K, capacity 3590K, committed 3712K, reserved 1048576K
}
Event: 3.655 GC heap after
{Heap after GC invocations=14 (full 1):
 PSYoungGen      total 24064K, used 1984K [0x00000007eab00000, 0x00000007ec580000, 0x0000000800000000)
  eden space 22016K, 0% used [0x00000007eab00000,0x00000007eab00000,0x00000007ec080000)
  from space 2048K, 96% used [0x00000007ec100000,0x00000007ec2f0000,0x00000007ec300000)
  to   space 2560K, 0% used [0x00000007ec300000,0x00000007ec300000,0x00000007ec580000)
 ParOldGen       total 68608K, used 20731K [0x00000007c0000000, 0x00000007c4300000, 0x00000007eab00000)
  object space 68608K, 30% used [0x00000007c0000000,0x00000007c143efe8,0x00000007c4300000)
 Metaspace       used 30893K, capacity 32664K, committed 32896K, reserved 1079296K
  class space    used 2952K, capacity 3590K, committed 3712K, reserved 1048576K
}
Event: 3.903 GC heap before
{Heap before GC invocations=15 (full 1):
 PSYoungGen      total 24064K, used 23981K [0x00000007eab00000, 0x00000007ec580000, 0x0000000800000000)
  eden space 22016K, 99% used [0x00000007eab00000,0x00000007ec07b420,0x00000007ec080000)
  from space 2048K, 96% used [0x00000007ec100000,0x00000007ec2f0000,0x00000007ec300000)
  to   space 2560K, 0% used [0x00000007ec300000,0x00000007ec300000,0x00000007ec580000)
 ParOldGen       total 68608K, used 20731K [0x00000007c0000000, 0x00000007c4300000, 0x00000007eab00000)
  object space 68608K, 30% used [0x00000007c0000000,0x00000007c143efe8,0x00000007c4300000)
 Metaspace       used 31668K, capacity 33547K, committed 33920K, reserved 1079296K
  class space    used 3029K, capacity 3608K, committed 3712K, reserved 1048576K
}
Event: 3.906 GC heap after
{Heap after GC invocations=15 (full 1):
 PSYoungGen      total 24576K, used 2400K [0x00000007eab00000, 0x00000007ec580000, 0x0000000800000000)
  eden space 22016K, 0% used [0x00000007eab00000,0x00000007eab00000,0x00000007ec080000)
  from space 2560K, 93% used [0x00000007ec300000,0x00000007ec558200,0x00000007ec580000)
  to   space 2560K, 0% used [0x00000007ec080000,0x00000007ec080000,0x00000007ec300000)
 ParOldGen       total 68608K, used 22610K [0x00000007c0000000, 0x00000007c4300000, 0x00000007eab00000)
  object space 68608K, 32% used [0x00000007c0000000,0x00000007c1614868,0x00000007c4300000)
 Metaspace       used 31668K, capacity 33547K, committed 33920K, reserved 1079296K
  class space    used 3029K, capacity 3608K, committed 3712K, reserved 1048576K
}
Event: 4.050 GC heap before
{Heap before GC invocations=16 (full 1):
 PSYoungGen      total 24576K, used 22389K [0x00000007eab00000, 0x00000007ec580000, 0x0000000800000000)
  eden space 22016K, 90% used [0x00000007eab00000,0x00000007ebe855b8,0x00000007ec080000)
  from space 2560K, 93% used [0x00000007ec300000,0x00000007ec558200,0x00000007ec580000)
  to   space 2560K, 0% used [0x00000007ec080000,0x00000007ec080000,0x00000007ec300000)
 ParOldGen       total 68608K, used 22610K [0x00000007c0000000, 0x00000007c4300000, 0x00000007eab00000)
  object space 68608K, 32% used [0x00000007c0000000,0x00000007c1614868,0x00000007c4300000)
 Metaspace       used 33207K, capacity 35085K, committed 35328K, reserved 1081344K
  class space    used 3136K, capacity 3737K, committed 3840K, reserved 1048576K
}
Event: 4.054 GC heap after
{Heap after GC invocations=16 (full 1):
 PSYoungGen      total 23040K, used 676K [0x00000007eab00000, 0x00000007ec380000, 0x0000000800000000)
  eden space 22016K, 0% used [0x00000007eab00000,0x00000007eab00000,0x00000007ec080000)
  from space 1024K, 66% used [0x00000007ec080000,0x00000007ec129398,0x00000007ec180000)
  to   space 1536K, 0% used [0x00000007ec200000,0x00000007ec200000,0x00000007ec380000)
 ParOldGen       total 68608K, used 24836K [0x00000007c0000000, 0x00000007c4300000, 0x00000007eab00000)
  object space 68608K, 36% used [0x00000007c0000000,0x00000007c1841370,0x00000007c4300000)
 Metaspace       used 33207K, capacity 35085K, committed 35328K, reserved 1081344K
  class space    used 3136K, capacity 3737K, committed 3840K, reserved 1048576K
}
Event: 4.054 GC heap before
{Heap before GC invocations=17 (full 2):
 PSYoungGen      total 23040K, used 676K [0x00000007eab00000, 0x00000007ec380000, 0x0000000800000000)
  eden space 22016K, 0% used [0x00000007eab00000,0x00000007eab00000,0x00000007ec080000)
  from space 1024K, 66% used [0x00000007ec080000,0x00000007ec129398,0x00000007ec180000)
  to   space 1536K, 0% used [0x00000007ec200000,0x00000007ec200000,0x00000007ec380000)
 ParOldGen       total 68608K, used 24836K [0x00000007c0000000, 0x00000007c4300000, 0x00000007eab00000)
  object space 68608K, 36% used [0x00000007c0000000,0x00000007c1841370,0x00000007c4300000)
 Metaspace       used 33207K, capacity 35085K, committed 35328K, reserved 1081344K
  class space    used 3136K, capacity 3737K, committed 3840K, reserved 1048576K
}
Event: 4.140 GC heap after
{Heap after GC invocations=17 (full 2):
 PSYoungGen      total 23040K, used 0K [0x00000007eab00000, 0x00000007ec380000, 0x0000000800000000)
  eden space 22016K, 0% used [0x00000007eab00000,0x00000007eab00000,0x00000007ec080000)
  from space 1024K, 0% used [0x00000007ec080000,0x00000007ec080000,0x00000007ec180000)
  to   space 1536K, 0% used [0x00000007ec200000,0x00000007ec200000,0x00000007ec380000)
 ParOldGen       total 68608K, used 21984K [0x00000007c0000000, 0x00000007c4300000, 0x00000007eab00000)
  object space 68608K, 32% used [0x00000007c0000000,0x00000007c1578058,0x00000007c4300000)
 Metaspace       used 33207K, capacity 35085K, committed 35328K, reserved 1081344K
  class space    used 3136K, capacity 3737K, committed 3840K, reserved 1048576K
}

Deoptimization events (20 events):
Event: 3.896 Thread 0x00007fc56c2a9800 DEOPT PACKING pc=0x0000000125436490 sp=0x0000700011c712a0
Event: 3.896 Thread 0x00007fc56c2a9800 DEOPT UNPACKING pc=0x000000011d871325 sp=0x0000700011c71258 mode 2
Event: 3.909 Thread 0x00007fc56c2a9800 DEOPT PACKING pc=0x000000011e1f11d6 sp=0x0000700011c709a0
Event: 3.909 Thread 0x00007fc56c2a9800 DEOPT UNPACKING pc=0x000000011d87113a sp=0x0000700011c6fea0 mode 0
Event: 3.909 Thread 0x00007fc56c2a9800 DEOPT PACKING pc=0x000000011e1f11d6 sp=0x0000700011c709a0
Event: 3.909 Thread 0x00007fc56c2a9800 DEOPT UNPACKING pc=0x000000011d87113a sp=0x0000700011c6fea0 mode 0
Event: 3.910 Thread 0x00007fc56c2a9800 DEOPT PACKING pc=0x000000011e1f11d6 sp=0x0000700011c709a0
Event: 3.910 Thread 0x00007fc56c2a9800 DEOPT UNPACKING pc=0x000000011d87113a sp=0x0000700011c6fea0 mode 0
Event: 3.911 Thread 0x00007fc56c2a9800 DEOPT PACKING pc=0x000000011e1f11d6 sp=0x0000700011c709a0
Event: 3.911 Thread 0x00007fc56c2a9800 DEOPT UNPACKING pc=0x000000011d87113a sp=0x0000700011c6fea0 mode 0
Event: 3.911 Thread 0x00007fc56c2a9800 DEOPT PACKING pc=0x000000011e1f11d6 sp=0x0000700011c709a0
Event: 3.911 Thread 0x00007fc56c2a9800 DEOPT UNPACKING pc=0x000000011d87113a sp=0x0000700011c6fea0 mode 0
Event: 3.912 Thread 0x00007fc56c2a9800 DEOPT PACKING pc=0x000000011e1f11d6 sp=0x0000700011c709a0
Event: 3.912 Thread 0x00007fc56c2a9800 DEOPT UNPACKING pc=0x000000011d87113a sp=0x0000700011c6fea0 mode 0
Event: 3.912 Thread 0x00007fc56c2a9800 DEOPT PACKING pc=0x000000011e1f11d6 sp=0x0000700011c709a0
Event: 3.912 Thread 0x00007fc56c2a9800 DEOPT UNPACKING pc=0x000000011d87113a sp=0x0000700011c6fea0 mode 0
Event: 3.913 Thread 0x00007fc56c2a9800 DEOPT PACKING pc=0x000000011e1f11d6 sp=0x0000700011c709a0
Event: 3.913 Thread 0x00007fc56c2a9800 DEOPT UNPACKING pc=0x000000011d87113a sp=0x0000700011c6fea0 mode 0
Event: 3.998 Thread 0x00007fc56c2a9800 DEOPT PACKING pc=0x000000011e1f11d6 sp=0x0000700011c70ae0
Event: 3.998 Thread 0x00007fc56c2a9800 DEOPT UNPACKING pc=0x000000011d87113a sp=0x0000700011c6ffe0 mode 0

Classes redefined (0 events):
No events

Internal exceptions (20 events):
Event: 3.857 Thread 0x00007fc56c2a9800 Exception <a 'sun/nio/fs/UnixException'{0x00000007ebe5d608}> (0x00000007ebe5d608) thrown at [./src/hotspot/share/prims/jni.cpp, line 615]
Event: 3.857 Thread 0x00007fc56c2a9800 Exception <a 'sun/nio/fs/UnixException'{0x00000007ebe5e9c8}> (0x00000007ebe5e9c8) thrown at [./src/hotspot/share/prims/jni.cpp, line 615]
Event: 3.857 Thread 0x00007fc56c2a9800 Exception <a 'sun/nio/fs/UnixException'{0x00000007ebe5f9e8}> (0x00000007ebe5f9e8) thrown at [./src/hotspot/share/prims/jni.cpp, line 615]
Event: 3.857 Thread 0x00007fc56c2a9800 Exception <a 'sun/nio/fs/UnixException'{0x00000007ebe60bf8}> (0x00000007ebe60bf8) thrown at [./src/hotspot/share/prims/jni.cpp, line 615]
Event: 3.858 Thread 0x00007fc56c2a9800 Exception <a 'sun/nio/fs/UnixException'{0x00000007ebe61f90}> (0x00000007ebe61f90) thrown at [./src/hotspot/share/prims/jni.cpp, line 615]
Event: 3.858 Thread 0x00007fc56c2a9800 Exception <a 'sun/nio/fs/UnixException'{0x00000007ebe668c8}> (0x00000007ebe668c8) thrown at [./src/hotspot/share/prims/jni.cpp, line 615]
Event: 3.858 Thread 0x00007fc56c2a9800 Exception <a 'sun/nio/fs/UnixException'{0x00000007ebe67c50}> (0x00000007ebe67c50) thrown at [./src/hotspot/share/prims/jni.cpp, line 615]
Event: 3.859 Thread 0x00007fc56c2a9800 Exception <a 'sun/nio/fs/UnixException'{0x00000007ebe6df48}> (0x00000007ebe6df48) thrown at [./src/hotspot/share/prims/jni.cpp, line 615]
Event: 3.862 Thread 0x00007fc56c2a9800 Exception <a 'sun/nio/fs/UnixException'{0x00000007ebe83088}> (0x00000007ebe83088) thrown at [./src/hotspot/share/prims/jni.cpp, line 615]
Event: 3.865 Thread 0x00007fc56c2a9800 Exception <a 'sun/nio/fs/UnixException'{0x00000007ebea1df0}> (0x00000007ebea1df0) thrown at [./src/hotspot/share/prims/jni.cpp, line 615]
Event: 3.866 Thread 0x00007fc56c2a9800 Exception <a 'sun/nio/fs/UnixException'{0x00000007ebea3aa0}> (0x00000007ebea3aa0) thrown at [./src/hotspot/share/prims/jni.cpp, line 615]
Event: 3.866 Thread 0x00007fc56c2a9800 Exception <a 'sun/nio/fs/UnixException'{0x00000007ebea5058}> (0x00000007ebea5058) thrown at [./src/hotspot/share/prims/jni.cpp, line 615]
Event: 3.866 Thread 0x00007fc56c2a9800 Exception <a 'sun/nio/fs/UnixException'{0x00000007ebea65b8}> (0x00000007ebea65b8) thrown at [./src/hotspot/share/prims/jni.cpp, line 615]
Event: 3.867 Thread 0x00007fc56c2a9800 Exception <a 'sun/nio/fs/UnixException'{0x00000007ebea8f30}> (0x00000007ebea8f30) thrown at [./src/hotspot/share/prims/jni.cpp, line 615]
Event: 3.868 Thread 0x00007fc56c2a9800 Exception <a 'sun/nio/fs/UnixException'{0x00000007ebeae710}> (0x00000007ebeae710) thrown at [./src/hotspot/share/prims/jni.cpp, line 615]
Event: 3.868 Thread 0x00007fc56c2a9800 Exception <a 'java/io/FileNotFoundException'{0x00000007ebeb2090}> (0x00000007ebeb2090) thrown at [./src/hotspot/share/prims/jni.cpp, line 615]
Event: 3.871 Thread 0x00007fc56c2a9800 Exception <a 'java/io/FileNotFoundException'{0x00000007ebec82d8}> (0x00000007ebec82d8) thrown at [./src/hotspot/share/prims/jni.cpp, line 615]
Event: 3.871 Thread 0x00007fc56c2a9800 Exception <a 'sun/nio/fs/UnixException'{0x00000007ebecdc28}> (0x00000007ebecdc28) thrown at [./src/hotspot/share/prims/jni.cpp, line 615]
Event: 3.874 Thread 0x00007fc56c2a9800 Exception <a 'sun/nio/fs/UnixException'{0x00000007ebeea420}> (0x00000007ebeea420) thrown at [./src/hotspot/share/prims/jni.cpp, line 615]
Event: 3.876 Thread 0x00007fc56c2a9800 Exception <a 'sun/nio/fs/UnixException'{0x00000007ebf00e00}> (0x00000007ebf00e00) thrown at [./src/hotspot/share/prims/jni.cpp, line 615]

Events (20 events):
Event: 3.903 Executing VM operation: ParallelGCFailedAllocation
Event: 3.906 Executing VM operation: ParallelGCFailedAllocation done
Event: 3.908 loading class org/eclipse/jdt/internal/compiler/problem/messages
Event: 3.908 loading class org/eclipse/jdt/internal/compiler/problem/messages done
Event: 3.914 loading class org/eclipse/jdt/internal/compiler/problem/messages_en
Event: 3.914 loading class org/eclipse/jdt/internal/compiler/problem/messages_en done
Event: 3.914 loading class org/eclipse/jdt/internal/compiler/problem/messages_en_GB
Event: 3.914 loading class org/eclipse/jdt/internal/compiler/problem/messages_en_GB done
Event: 4.044 Executing VM operation: Deoptimize
Event: 4.044 Executing VM operation: Deoptimize done
Event: 4.049 loading class org/eclipse/core/internal/watson/ElementTree
Event: 4.049 loading class org/eclipse/core/internal/watson/ElementTree done
Event: 4.049 loading class org/eclipse/core/runtime/IProgressMonitor
Event: 4.049 loading class org/eclipse/core/runtime/IProgressMonitor done
Event: 4.049 loading class org/eclipse/core/internal/watson/ElementTree
Event: 4.049 loading class org/eclipse/core/internal/watson/ElementTree done
Event: 4.049 loading class org/eclipse/core/internal/resources/ContentDescriptionManager
Event: 4.049 loading class org/eclipse/core/internal/resources/ContentDescriptionManager done
Event: 4.049 Executing VM operation: CollectForMetadataAllocation
Event: 4.140 Executing VM operation: CollectForMetadataAllocation done


Dynamic libraries:
0x00007fff36f6b000 	/System/Library/Frameworks/Cocoa.framework/Versions/A/Cocoa
0x00007fff44760000 	/System/Library/Frameworks/Security.framework/Versions/A/Security
0x00007fff35ed0000 	/System/Library/Frameworks/ApplicationServices.framework/Versions/A/ApplicationServices
0x00007fff7141c000 	/usr/lib/libz.1.dylib
0x000000010bf0f000 	/Library/Java/JavaVirtualMachines/adoptopenjdk-11.jdk/Contents/Home/lib/jli/libjli.dylib
0x00007fff6eee0000 	/usr/lib/libSystem.B.dylib
0x00007fff350c0000 	/System/Library/Frameworks/AppKit.framework/Versions/C/AppKit
0x00007fff378ef000 	/System/Library/Frameworks/CoreData.framework/Versions/A/CoreData
0x00007fff3a4ca000 	/System/Library/Frameworks/Foundation.framework/Versions/C/Foundation
0x00007fff68ef6000 	/System/Library/PrivateFrameworks/UIFoundation.framework/Versions/A/UIFoundation
0x00007fff63f8a000 	/System/Library/PrivateFrameworks/RemoteViewServices.framework/Versions/A/RemoteViewServices
0x00007fff6ba50000 	/System/Library/PrivateFrameworks/XCTTargetBootstrap.framework/Versions/A/XCTTargetBootstrap
0x00007fff37cda000 	/System/Library/Frameworks/CoreDisplay.framework/Versions/A/CoreDisplay
0x00007fff3d384000 	/System/Library/Frameworks/Metal.framework/Versions/A/Metal
0x00007fff51f77000 	/System/Library/PrivateFrameworks/DesktopServicesPriv.framework/Versions/A/DesktopServicesPriv
0x00007fff7001b000 	/usr/lib/liblangid.dylib
0x00007fff5120c000 	/System/Library/PrivateFrameworks/CoreSVG.framework/Versions/A/CoreSVG
0x00007fff670e6000 	/System/Library/PrivateFrameworks/SkyLight.framework/Versions/A/SkyLight
0x00007fff3828e000 	/System/Library/Frameworks/CoreGraphics.framework/Versions/A/CoreGraphics
0x00007fff33a94000 	/System/Library/Frameworks/Accelerate.framework/Versions/A/Accelerate
0x00007fff7130d000 	/usr/lib/libxml2.2.dylib
0x00007fff5cf15000 	/System/Library/PrivateFrameworks/IconServices.framework/Versions/A/IconServices
0x00007fff3aca9000 	/System/Library/Frameworks/IOSurface.framework/Versions/A/IOSurface
0x00007fff6ea0a000 	/usr/lib/libDiagnosticMessagesClient.dylib
0x00007fff51dd1000 	/System/Library/PrivateFrameworks/DFRFoundation.framework/Versions/A/DFRFoundation
0x00007fff6fdaa000 	/usr/lib/libicucore.A.dylib
0x00007fff36202000 	/System/Library/Frameworks/AudioToolbox.framework/Versions/A/AudioToolbox
0x00007fff362e5000 	/System/Library/Frameworks/AudioUnit.framework/Versions/A/AudioUnit
0x00007fff6f0e2000 	/usr/lib/libauto.dylib
0x00007fff51e73000 	/System/Library/PrivateFrameworks/DataDetectorsCore.framework/Versions/A/DataDetectorsCore
0x00007fff36a8c000 	/System/Library/Frameworks/Carbon.framework/Versions/A/Frameworks/HIToolbox.framework/Versions/A/HIToolbox
0x00007fff4395c000 	/System/Library/Frameworks/QuartzCore.framework/Versions/A/QuartzCore
0x00007fff36dcb000 	/System/Library/Frameworks/Carbon.framework/Versions/A/Frameworks/SpeechRecognition.framework/Versions/A/SpeechRecognition
0x00007fff518e5000 	/System/Library/PrivateFrameworks/CoreUI.framework/Versions/A/CoreUI
0x00007fff3735a000 	/System/Library/Frameworks/CoreAudio.framework/Versions/A/CoreAudio
0x00007fff3a189000 	/System/Library/Frameworks/DiskArbitration.framework/Versions/A/DiskArbitration
0x00007fff5ef65000 	/System/Library/PrivateFrameworks/MultitouchSupport.framework/Versions/A/MultitouchSupport
0x00007fff6fc71000 	/usr/lib/libenergytrace.dylib
0x00007fff3ac03000 	/System/Library/Frameworks/IOKit.framework/Versions/A/IOKit
0x00007fff391f5000 	/System/Library/Frameworks/CoreServices.framework/Versions/A/CoreServices
0x00007fff6111d000 	/System/Library/PrivateFrameworks/PerformanceAnalysis.framework/Versions/A/PerformanceAnalysis
0x00007fff4298f000 	/System/Library/Frameworks/OpenGL.framework/Versions/A/OpenGL
0x00007fff70d40000 	/usr/lib/libobjc.A.dylib
0x00007fff36f79000 	/System/Library/Frameworks/ColorSync.framework/Versions/A/ColorSync
0x00007fff37e0d000 	/System/Library/Frameworks/CoreFoundation.framework/Versions/A/CoreFoundation
0x00007fff38911000 	/System/Library/Frameworks/CoreImage.framework/Versions/A/CoreImage
0x00007fff39c68000 	/System/Library/Frameworks/CoreText.framework/Versions/A/CoreText
0x00007fff3ad39000 	/System/Library/Frameworks/ImageIO.framework/Versions/A/ImageIO
0x00007fff6f1c6000 	/usr/lib/libc++.1.dylib
0x00007fff6f242000 	/usr/lib/libcompression.dylib
0x00007fff6ed4e000 	/usr/lib/libMobileGestalt.dylib
0x00007fff68c60000 	/System/Library/PrivateFrameworks/TextureIO.framework/Versions/A/TextureIO
0x00007fff6f045000 	/usr/lib/libate.dylib
0x00007fff5d11e000 	/System/Library/PrivateFrameworks/InternationalSupport.framework/Versions/A/InternationalSupport
0x00007fff71cdd000 	/usr/lib/system/libcache.dylib
0x00007fff71ce3000 	/usr/lib/system/libcommonCrypto.dylib
0x00007fff71cef000 	/usr/lib/system/libcompiler_rt.dylib
0x00007fff71cf7000 	/usr/lib/system/libcopyfile.dylib
0x00007fff71d01000 	/usr/lib/system/libcorecrypto.dylib
0x00007fff71ea0000 	/usr/lib/system/libdispatch.dylib
0x00007fff71ee1000 	/usr/lib/system/libdyld.dylib
0x00007fff71f18000 	/usr/lib/system/libkeymgr.dylib
0x00007fff71f26000 	/usr/lib/system/liblaunch.dylib
0x00007fff71f27000 	/usr/lib/system/libmacho.dylib
0x00007fff71f2d000 	/usr/lib/system/libquarantine.dylib
0x00007fff71f30000 	/usr/lib/system/libremovefile.dylib
0x00007fff71f32000 	/usr/lib/system/libsystem_asl.dylib
0x00007fff71f4a000 	/usr/lib/system/libsystem_blocks.dylib
0x00007fff71f4b000 	/usr/lib/system/libsystem_c.dylib
0x00007fff71fd3000 	/usr/lib/system/libsystem_configuration.dylib
0x00007fff71fd7000 	/usr/lib/system/libsystem_coreservices.dylib
0x00007fff71fdb000 	/usr/lib/system/libsystem_darwin.dylib
0x00007fff71fe4000 	/usr/lib/system/libsystem_dnssd.dylib
0x00007fff71fec000 	/usr/lib/system/libsystem_featureflags.dylib
0x00007fff71fee000 	/usr/lib/system/libsystem_info.dylib
0x00007fff72069000 	/usr/lib/system/libsystem_m.dylib
0x00007fff720b1000 	/usr/lib/system/libsystem_malloc.dylib
0x00007fff720d9000 	/usr/lib/system/libsystem_networkextension.dylib
0x00007fff720e7000 	/usr/lib/system/libsystem_notify.dylib
0x00007fff72105000 	/usr/lib/system/libsystem_sandbox.dylib
0x00007fff7210a000 	/usr/lib/system/libsystem_secinit.dylib
0x00007fff7203c000 	/usr/lib/system/libsystem_kernel.dylib
0x00007fff720f1000 	/usr/lib/system/libsystem_platform.dylib
0x00007fff720fa000 	/usr/lib/system/libsystem_pthread.dylib
0x00007fff7210d000 	/usr/lib/system/libsystem_symptoms.dylib
0x00007fff72115000 	/usr/lib/system/libsystem_trace.dylib
0x00007fff7212d000 	/usr/lib/system/libunwind.dylib
0x00007fff72133000 	/usr/lib/system/libxpc.dylib
0x00007fff6f219000 	/usr/lib/libc++abi.dylib
0x00007fff7001d000 	/usr/lib/liblzma.5.dylib
0x00007fff6fc98000 	/usr/lib/libfakelink.dylib
0x00007fff6efd2000 	/usr/lib/libarchive.2.dylib
0x00007fff45811000 	/System/Library/Frameworks/SystemConfiguration.framework/Versions/A/SystemConfiguration
0x00007fff6e93d000 	/usr/lib/libCRFSuite.dylib
0x00007fff3667c000 	/System/Library/Frameworks/CFNetwork.framework/Versions/A/CFNetwork
0x00007fff6f1a8000 	/usr/lib/libbsm.0.dylib
0x00007fff71f19000 	/usr/lib/system/libkxld.dylib
0x00007fff4b74e000 	/System/Library/PrivateFrameworks/AppleFSCompression.framework/Versions/A/AppleFSCompression
0x00007fff6f533000 	/usr/lib/libcoretls.dylib
0x00007fff6f54a000 	/usr/lib/libcoretls_cfhelpers.dylib
0x00007fff70d86000 	/usr/lib/libpam.2.dylib
0x00007fff70ebb000 	/usr/lib/libsqlite3.dylib
0x00007fff712fa000 	/usr/lib/libxar.1.dylib
0x00007fff6f1b9000 	/usr/lib/libbz2.1.0.dylib
0x00007fff6fcb9000 	/usr/lib/libiconv.2.dylib
0x00007fff6f22f000 	/usr/lib/libcharset.1.dylib
0x00007fff70823000 	/usr/lib/libnetwork.dylib
0x00007fff70d8d000 	/usr/lib/libpcap.A.dylib
0x00007fff6ef87000 	/usr/lib/libapple_nghttp2.dylib
0x00007fff395ac000 	/System/Library/Frameworks/CoreServices.framework/Versions/A/Frameworks/FSEvents.framework/Versions/A/FSEvents
0x00007fff3927c000 	/System/Library/Frameworks/CoreServices.framework/Versions/A/Frameworks/CarbonCore.framework/Versions/A/CarbonCore
0x00007fff397f0000 	/System/Library/Frameworks/CoreServices.framework/Versions/A/Frameworks/Metadata.framework/Versions/A/Metadata
0x00007fff39889000 	/System/Library/Frameworks/CoreServices.framework/Versions/A/Frameworks/OSServices.framework/Versions/A/OSServices
0x00007fff398b7000 	/System/Library/Frameworks/CoreServices.framework/Versions/A/Frameworks/SearchKit.framework/Versions/A/SearchKit
0x00007fff391f6000 	/System/Library/Frameworks/CoreServices.framework/Versions/A/Frameworks/AE.framework/Versions/A/AE
0x00007fff395b5000 	/System/Library/Frameworks/CoreServices.framework/Versions/A/Frameworks/LaunchServices.framework/Versions/A/LaunchServices
0x00007fff3955e000 	/System/Library/Frameworks/CoreServices.framework/Versions/A/Frameworks/DictionaryServices.framework/Versions/A/DictionaryServices
0x00007fff3991f000 	/System/Library/Frameworks/CoreServices.framework/Versions/A/Frameworks/SharedFileList.framework/Versions/A/SharedFileList
0x00007fff3e7ae000 	/System/Library/Frameworks/NetFS.framework/Versions/A/NetFS
0x00007fff5f495000 	/System/Library/PrivateFrameworks/NetAuth.framework/Versions/A/NetAuth
0x00007fff6be1d000 	/System/Library/PrivateFrameworks/login.framework/Versions/A/Frameworks/loginsupport.framework/Versions/A/loginsupport
0x00007fff6872b000 	/System/Library/PrivateFrameworks/TCC.framework/Versions/A/TCC
0x00007fff5037f000 	/System/Library/PrivateFrameworks/CoreNLP.framework/Versions/A/CoreNLP
0x00007fff5e992000 	/System/Library/PrivateFrameworks/MetadataUtilities.framework/Versions/A/MetadataUtilities
0x00007fff700f5000 	/usr/lib/libmecabra.dylib
0x00007fff7004d000 	/usr/lib/libmecab.dylib
0x00007fff6fca9000 	/usr/lib/libgermantok.dylib
0x00007fff6ef6e000 	/usr/lib/libThaiTokenizer.dylib
0x00007fff6e974000 	/usr/lib/libChineseTokenizer.dylib
0x00007fff33aac000 	/System/Library/Frameworks/Accelerate.framework/Versions/A/Frameworks/vImage.framework/Versions/A/vImage
0x00007fff34f16000 	/System/Library/Frameworks/Accelerate.framework/Versions/A/Frameworks/vecLib.framework/Versions/A/vecLib
0x00007fff34e53000 	/System/Library/Frameworks/Accelerate.framework/Versions/A/Frameworks/vecLib.framework/Versions/A/libvMisc.dylib
0x00007fff34c7b000 	/System/Library/Frameworks/Accelerate.framework/Versions/A/Frameworks/vecLib.framework/Versions/A/libvDSP.dylib
0x00007fff34103000 	/System/Library/Frameworks/Accelerate.framework/Versions/A/Frameworks/vecLib.framework/Versions/A/libBLAS.dylib
0x00007fff3483f000 	/System/Library/Frameworks/Accelerate.framework/Versions/A/Frameworks/vecLib.framework/Versions/A/libLAPACK.dylib
0x00007fff34bdb000 	/System/Library/Frameworks/Accelerate.framework/Versions/A/Frameworks/vecLib.framework/Versions/A/libLinearAlgebra.dylib
0x00007fff34c68000 	/System/Library/Frameworks/Accelerate.framework/Versions/A/Frameworks/vecLib.framework/Versions/A/libSparseBLAS.dylib
0x00007fff34bf1000 	/System/Library/Frameworks/Accelerate.framework/Versions/A/Frameworks/vecLib.framework/Versions/A/libQuadrature.dylib
0x00007fff3436b000 	/System/Library/Frameworks/Accelerate.framework/Versions/A/Frameworks/vecLib.framework/Versions/A/libBNNS.dylib
0x00007fff34bf7000 	/System/Library/Frameworks/Accelerate.framework/Versions/A/Frameworks/vecLib.framework/Versions/A/libSparse.dylib
0x00007fff5d506000 	/System/Library/PrivateFrameworks/LanguageModeling.framework/Versions/A/LanguageModeling
0x00007fff4fd2f000 	/System/Library/PrivateFrameworks/CoreEmoji.framework/Versions/A/CoreEmoji
0x00007fff5d624000 	/System/Library/PrivateFrameworks/LinguisticData.framework/Versions/A/LinguisticData
0x00007fff5d5d5000 	/System/Library/PrivateFrameworks/Lexicon.framework/Versions/A/Lexicon
0x00007fff6f230000 	/usr/lib/libcmph.dylib
0x00007fff4139d000 	/System/Library/Frameworks/OpenDirectory.framework/Versions/A/Frameworks/CFOpenDirectory.framework/Versions/A/CFOpenDirectory
0x00007fff413ba000 	/System/Library/Frameworks/OpenDirectory.framework/Versions/A/OpenDirectory
0x00007fff497fb000 	/System/Library/PrivateFrameworks/APFS.framework/Versions/A/APFS
0x00007fff44aaa000 	/System/Library/Frameworks/SecurityFoundation.framework/Versions/A/SecurityFoundation
0x00007fff712f6000 	/usr/lib/libutil.dylib
0x00007fff51264000 	/System/Library/PrivateFrameworks/CoreServicesStore.framework/Versions/A/CoreServicesStore
0x00007fff44b61000 	/System/Library/Frameworks/ServiceManagement.framework/Versions/A/ServiceManagement
0x00007fff4cf1e000 	/System/Library/PrivateFrameworks/BackgroundTaskManagement.framework/Versions/A/BackgroundTaskManagement
0x00007fff713f3000 	/usr/lib/libxslt.1.dylib
0x00007fff4bdc1000 	/System/Library/PrivateFrameworks/AppleSystemInfo.framework/Versions/A/AppleSystemInfo
0x00007fff3af54000 	/System/Library/Frameworks/ImageIO.framework/Versions/A/Resources/libJPEG.dylib
0x00007fff3b212000 	/System/Library/Frameworks/ImageIO.framework/Versions/A/Resources/libTIFF.dylib
0x00007fff3b1f5000 	/System/Library/Frameworks/ImageIO.framework/Versions/A/Resources/libPng.dylib
0x00007fff3ae96000 	/System/Library/Frameworks/ImageIO.framework/Versions/A/Resources/libGIF.dylib
0x00007fff3ae9a000 	/System/Library/Frameworks/ImageIO.framework/Versions/A/Resources/libJP2.dylib
0x00007fff3b210000 	/System/Library/Frameworks/ImageIO.framework/Versions/A/Resources/libRadiance.dylib
0x00007fff6fc72000 	/usr/lib/libexpat.1.dylib
0x00007fff4b8a9000 	/System/Library/PrivateFrameworks/AppleJPEG.framework/Versions/A/AppleJPEG
0x00007fff5457a000 	/System/Library/PrivateFrameworks/FontServices.framework/libFontParser.dylib
0x00007fff6ae1f000 	/System/Library/PrivateFrameworks/WatchdogClient.framework/Versions/A/WatchdogClient
0x00007fff5cb61000 	/System/Library/PrivateFrameworks/IOAccelerator.framework/Versions/A/IOAccelerator
0x00007fff3d71f000 	/System/Library/Frameworks/MetalPerformanceShaders.framework/Versions/A/MetalPerformanceShaders
0x00007fff592f7000 	/System/Library/PrivateFrameworks/GPUWrangler.framework/Versions/A/GPUWrangler
0x00007fff5cb76000 	/System/Library/PrivateFrameworks/IOPresentment.framework/Versions/A/IOPresentment
0x00007fff51de4000 	/System/Library/PrivateFrameworks/DSExternalDisplay.framework/Versions/A/DSExternalDisplay
0x00007fff41d2e000 	/System/Library/Frameworks/OpenGL.framework/Versions/A/Libraries/libCoreFSCache.dylib
0x00007fff3d46b000 	/System/Library/Frameworks/MetalPerformanceShaders.framework/Frameworks/MPSCore.framework/Versions/A/MPSCore
0x00007fff3d4a9000 	/System/Library/Frameworks/MetalPerformanceShaders.framework/Frameworks/MPSImage.framework/Versions/A/MPSImage
0x00007fff3d570000 	/System/Library/Frameworks/MetalPerformanceShaders.framework/Frameworks/MPSNeuralNetwork.framework/Versions/A/MPSNeuralNetwork
0x00007fff3d534000 	/System/Library/Frameworks/MetalPerformanceShaders.framework/Frameworks/MPSMatrix.framework/Versions/A/MPSMatrix
0x00007fff3d6cf000 	/System/Library/Frameworks/MetalPerformanceShaders.framework/Frameworks/MPSRayIntersector.framework/Versions/A/MPSRayIntersector
0x00007fff3d55a000 	/System/Library/Frameworks/MetalPerformanceShaders.framework/Frameworks/MPSNDArray.framework/Versions/A/MPSNDArray
0x00007fff5e9df000 	/System/Library/PrivateFrameworks/MetalTools.framework/Versions/A/MetalTools
0x00007fff4a9d5000 	/System/Library/PrivateFrameworks/AggregateDictionary.framework/Versions/A/AggregateDictionary
0x00007fff4f777000 	/System/Library/PrivateFrameworks/CoreAnalytics.framework/Versions/A/CoreAnalytics
0x00007fff4bce0000 	/System/Library/PrivateFrameworks/AppleSauce.framework/Versions/A/AppleSauce
0x00007fff6ec30000 	/usr/lib/libIOReport.dylib
0x00007fff39e20000 	/System/Library/Frameworks/CoreVideo.framework/Versions/A/CoreVideo
0x00007fff5a770000 	/System/Library/PrivateFrameworks/GraphVisualizer.framework/Versions/A/GraphVisualizer
0x00007fff53ac0000 	/System/Library/PrivateFrameworks/FaceCore.framework/Versions/A/FaceCore
0x00007fff41344000 	/System/Library/Frameworks/OpenCL.framework/Versions/A/OpenCL
0x00007fff6ea52000 	/usr/lib/libFosl_dynamic.dylib
0x00007fff5feb5000 	/System/Library/PrivateFrameworks/OTSVG.framework/Versions/A/OTSVG
0x00007fff35fd5000 	/System/Library/Frameworks/ApplicationServices.framework/Versions/A/Frameworks/ATS.framework/Versions/A/Resources/libFontRegistry.dylib
0x00007fff5474b000 	/System/Library/PrivateFrameworks/FontServices.framework/libhvf.dylib
0x00007fff41d39000 	/System/Library/Frameworks/OpenGL.framework/Versions/A/Libraries/libGFXShared.dylib
0x00007fff41f17000 	/System/Library/Frameworks/OpenGL.framework/Versions/A/Libraries/libGLU.dylib
0x00007fff41d42000 	/System/Library/Frameworks/OpenGL.framework/Versions/A/Libraries/libGL.dylib
0x00007fff41d4d000 	/System/Library/Frameworks/OpenGL.framework/Versions/A/Libraries/libGLImage.dylib
0x00007fff41d2b000 	/System/Library/Frameworks/OpenGL.framework/Versions/A/Libraries/libCVMSPluginSupport.dylib
0x00007fff41d34000 	/System/Library/Frameworks/OpenGL.framework/Versions/A/Libraries/libCoreVMClient.dylib
0x00007fff706c4000 	/usr/lib/libncurses.5.4.dylib
0x00007fff35ed1000 	/System/Library/Frameworks/ApplicationServices.framework/Versions/A/Frameworks/ATS.framework/Versions/A/ATS
0x00007fff3609e000 	/System/Library/Frameworks/ApplicationServices.framework/Versions/A/Frameworks/ColorSyncLegacy.framework/Versions/A/ColorSyncLegacy
0x00007fff3613c000 	/System/Library/Frameworks/ApplicationServices.framework/Versions/A/Frameworks/HIServices.framework/Versions/A/HIServices
0x00007fff36194000 	/System/Library/Frameworks/ApplicationServices.framework/Versions/A/Frameworks/LangAnalysis.framework/Versions/A/LangAnalysis
0x00007fff361a3000 	/System/Library/Frameworks/ApplicationServices.framework/Versions/A/Frameworks/PrintCore.framework/Versions/A/PrintCore
0x00007fff361e9000 	/System/Library/Frameworks/ApplicationServices.framework/Versions/A/Frameworks/QD.framework/Versions/A/QD
0x00007fff361f4000 	/System/Library/Frameworks/ApplicationServices.framework/Versions/A/Frameworks/SpeechSynthesis.framework/Versions/A/SpeechSynthesis
0x00007fff3606e000 	/System/Library/Frameworks/ApplicationServices.framework/Versions/A/Frameworks/ATSUI.framework/Versions/A/ATSUI
0x00007fff6fb08000 	/usr/lib/libcups.2.dylib
0x00007fff3c7ba000 	/System/Library/Frameworks/Kerberos.framework/Versions/A/Kerberos
0x00007fff3a8fc000 	/System/Library/Frameworks/GSS.framework/Versions/A/GSS
0x00007fff70e47000 	/usr/lib/libresolv.9.dylib
0x00007fff5a91d000 	/System/Library/PrivateFrameworks/Heimdal.framework/Versions/A/Heimdal
0x00007fff3c7cd000 	/System/Library/Frameworks/Kerberos.framework/Versions/A/Libraries/libHeimdalProxy.dylib
0x00007fff6fcaf000 	/usr/lib/libheimdal-asn1.dylib
0x00007fff4ec0f000 	/System/Library/PrivateFrameworks/CommonAuth.framework/Versions/A/CommonAuth
0x00007fff4be5e000 	/System/Library/PrivateFrameworks/AssertionServices.framework/Versions/A/AssertionServices
0x00007fff4ca01000 	/System/Library/PrivateFrameworks/AudioToolboxCore.framework/Versions/A/AudioToolboxCore
0x00007fff6bacd000 	/System/Library/PrivateFrameworks/caulk.framework/Versions/A/caulk
0x00007fff4cfca000 	/System/Library/PrivateFrameworks/BaseBoard.framework/Versions/A/BaseBoard
0x00007fff64118000 	/System/Library/PrivateFrameworks/RunningBoardServices.framework/Versions/A/RunningBoardServices
0x00007fff61129000 	/System/Library/PrivateFrameworks/PersistentConnection.framework/Versions/A/PersistentConnection
0x00007fff63b11000 	/System/Library/PrivateFrameworks/ProtocolBuffer.framework/Versions/A/ProtocolBuffer
0x00007fff4ec33000 	/System/Library/PrivateFrameworks/CommonUtilities.framework/Versions/A/CommonUtilities
0x00007fff4d158000 	/System/Library/PrivateFrameworks/Bom.framework/Versions/A/Bom
0x00007fff6e903000 	/usr/lib/libAudioToolboxUtility.dylib
0x00007fff4cf28000 	/System/Library/PrivateFrameworks/Backup.framework/Versions/A/Backup
0x00007fff51d05000 	/System/Library/PrivateFrameworks/CrashReporterSupport.framework/Versions/A/CrashReporterSupport
0x00007fff65baa000 	/System/Library/PrivateFrameworks/Sharing.framework/Versions/A/Sharing
0x00007fff4b46c000 	/System/Library/PrivateFrameworks/Apple80211.framework/Versions/A/Apple80211
0x00007fff4cc45000 	/System/Library/PrivateFrameworks/AuthKit.framework/Versions/A/AuthKit
0x00007fff51a12000 	/System/Library/PrivateFrameworks/CoreUtils.framework/Versions/A/CoreUtils
0x00007fff39e65000 	/System/Library/Frameworks/CoreWLAN.framework/Versions/A/CoreWLAN
0x00007fff3aa89000 	/System/Library/Frameworks/IOBluetooth.framework/Versions/A/IOBluetooth
0x00007fff5ece4000 	/System/Library/PrivateFrameworks/MobileKeyBag.framework/Versions/A/MobileKeyBag
0x00007fff50817000 	/System/Library/PrivateFrameworks/CorePhoneNumbers.framework/Versions/A/CorePhoneNumbers
0x00007fff4b85c000 	/System/Library/PrivateFrameworks/AppleIDAuthSupport.framework/Versions/A/AppleIDAuthSupport
0x00007fff3e7bb000 	/System/Library/Frameworks/Network.framework/Versions/A/Network
0x00007fff5d3b2000 	/System/Library/PrivateFrameworks/KeychainCircle.framework/Versions/A/KeychainCircle
0x00007fff378b6000 	/System/Library/Frameworks/CoreBluetooth.framework/Versions/A/CoreBluetooth
0x00007fff67c29000 	/System/Library/PrivateFrameworks/SpeechRecognitionCore.framework/Versions/A/SpeechRecognitionCore
0x000000010d000000 	/Library/Java/JavaVirtualMachines/adoptopenjdk-11.jdk/Contents/Home/lib/server/libjvm.dylib
0x000000010bf37000 	/Library/Java/JavaVirtualMachines/adoptopenjdk-11.jdk/Contents/Home/lib/libverify.dylib
0x000000010bf48000 	/Library/Java/JavaVirtualMachines/adoptopenjdk-11.jdk/Contents/Home/lib/libjava.dylib
0x000000010bf77000 	/Library/Java/JavaVirtualMachines/adoptopenjdk-11.jdk/Contents/Home/lib/libinstrument.dylib
0x000000010bfcf000 	/Library/Java/JavaVirtualMachines/adoptopenjdk-11.jdk/Contents/Home/lib/libzip.dylib
0x000000010bfdb000 	/Library/Java/JavaVirtualMachines/adoptopenjdk-11.jdk/Contents/Home/lib/libjimage.dylib
0x00000001127e2000 	/Library/Java/JavaVirtualMachines/adoptopenjdk-11.jdk/Contents/Home/lib/libnio.dylib
0x00000001127f5000 	/Library/Java/JavaVirtualMachines/adoptopenjdk-11.jdk/Contents/Home/lib/libnet.dylib
0x0000000112e0e000 	/Users/loukkyy/Library/Application Support/Code/User/globalStorage/redhat.java/0.67.0/config_ss_mac/org.eclipse.equinox.launcher/org.eclipse.equinox.launcher.cocoa.macosx.x86_64_1.1.1300.v20200819-0940/eclipse_11103.so
0x00007fff51230000 	/System/Library/PrivateFrameworks/CoreServicesInternal.framework/Versions/A/CoreServicesInternal
0x00007fff3a384000 	/System/Library/Frameworks/FileProvider.framework/Versions/A/FileProvider
0x00007fff34f17000 	/System/Library/Frameworks/Accounts.framework/Versions/A/Accounts
0x00007fff5961c000 	/System/Library/PrivateFrameworks/GenerationalStorage.framework/Versions/A/GenerationalStorage
0x00007fff517b7000 	/System/Library/PrivateFrameworks/CoreSymbolication.framework/Versions/A/CoreSymbolication
0x00007fff6846b000 	/System/Library/PrivateFrameworks/SymptomDiagnosticReporter.framework/Versions/A/SymptomDiagnosticReporter
0x00007fff4af70000 	/System/Library/PrivateFrameworks/AppContainer.framework/Versions/A/AppContainer
0x00007fff70e61000 	/usr/lib/libsandbox.1.dylib
0x00007fff69dc3000 	/System/Library/PrivateFrameworks/UserManagement.framework/Versions/A/UserManagement
0x00007fff4dd14000 	/System/Library/PrivateFrameworks/ChunkingLibrary.framework/Versions/A/ChunkingLibrary
0x00007fff51f39000 	/System/Library/PrivateFrameworks/DebugSymbols.framework/Versions/A/DebugSymbols
0x00007fff4afe2000 	/System/Library/PrivateFrameworks/AppSandbox.framework/Versions/A/AppSandbox
0x00007fff65a34000 	/System/Library/PrivateFrameworks/SecCodeWrapper.framework/Versions/A/SecCodeWrapper
0x00007fff6ed18000 	/usr/lib/libMatch.1.dylib
0x00007fff6ab8f000 	/System/Library/PrivateFrameworks/ViewBridge.framework/Versions/A/ViewBridge


VM Arguments:
jvm_args: --add-modules=ALL-SYSTEM --add-opens=java.base/java.util=ALL-UNNAMED --add-opens=java.base/java.lang=ALL-UNNAMED -Declipse.application=org.eclipse.jdt.ls.core.id1 -Dosgi.bundles.defaultStartLevel=4 -Declipse.product=org.eclipse.jdt.ls.core.product -Dfile.encoding=utf8 -XX:+UseParallelGC -XX:GCTimeRatio=4 -XX:AdaptiveSizePolicyWeight=90 -Dsun.zip.disableMemoryMapping=true -Xmx1G -Xms100m -javaagent:/Users/loukkyy/.vscode/extensions/gabrielbb.vscode-lombok-1.0.1/server/lombok.jar -Xverify:none 
java_command: /Users/loukkyy/.vscode/extensions/redhat.java-0.67.0/server/plugins/org.eclipse.equinox.launcher_1.5.800.v20200727-1323.jar -configuration /Users/loukkyy/Library/Application Support/Code/User/globalStorage/redhat.java/0.67.0/config_ss_mac -data /Users/loukkyy/Library/Application Support/Code/User/workspaceStorage/1e71267e25d05a024739d8aeb5f4882a/redhat.java/ss_ws
java_class_path (initial): /Users/loukkyy/.vscode/extensions/redhat.java-0.67.0/server/plugins/org.eclipse.equinox.launcher_1.5.800.v20200727-1323.jar
Launcher Type: SUN_STANDARD

[Global flags]
    uintx AdaptiveSizePolicyWeight                 = 90                                        {product} {command line}
     bool BytecodeVerificationLocal                = false                                     {product} {command line}
     bool BytecodeVerificationRemote               = false                                     {product} {command line}
     intx CICompilerCount                          = 4                                         {product} {ergonomic}
    uintx GCTimeRatio                              = 4                                         {product} {command line}
   size_t InitialHeapSize                          = 104857600                                 {product} {command line}
   size_t MaxHeapSize                              = 1073741824                                {product} {command line}
   size_t MaxNewSize                               = 357564416                                 {product} {ergonomic}
   size_t MinHeapDeltaBytes                        = 524288                                    {product} {ergonomic}
   size_t NewSize                                  = 34603008                                  {product} {ergonomic}
    uintx NonNMethodCodeHeapSize                   = 5836300                                {pd product} {ergonomic}
    uintx NonProfiledCodeHeapSize                  = 122910970                              {pd product} {ergonomic}
   size_t OldSize                                  = 70254592                                  {product} {ergonomic}
    uintx ProfiledCodeHeapSize                     = 122910970                              {pd product} {ergonomic}
    uintx ReservedCodeCacheSize                    = 251658240                              {pd product} {ergonomic}
     bool SegmentedCodeCache                       = true                                      {product} {ergonomic}
     bool UseCompressedClassPointers               = true                                 {lp64_product} {ergonomic}
     bool UseCompressedOops                        = true                                 {lp64_product} {ergonomic}
     bool UseParallelGC                            = true                                      {product} {command line}

Logging:
Log output configuration:
 #0: stdout all=warning uptime,level,tags
 #1: stderr all=off uptime,level,tags

Environment Variables:
PATH=/usr/local/bin:/usr/bin:/bin:/usr/sbin:/sbin
SHELL=/bin/zsh

Signal Handlers:
SIGSEGV: [libjvm.dylib+0x741ffc], sa_mask[0]=11111111011111110111111111111111, sa_flags=SA_ONSTACK|SA_RESTART|SA_SIGINFO
SIGBUS: [libjvm.dylib+0x741ffc], sa_mask[0]=11111111011111110111111111111111, sa_flags=SA_RESTART|SA_SIGINFO
SIGFPE: [libjvm.dylib+0x741ffc], sa_mask[0]=11111111011111110111111111111111, sa_flags=SA_RESTART|SA_SIGINFO
SIGPIPE: [libjvm.dylib+0x5f3a13], sa_mask[0]=11111111011111110111111111111111, sa_flags=SA_RESTART|SA_SIGINFO
SIGXFSZ: [libjvm.dylib+0x5f3a13], sa_mask[0]=11111111011111110111111111111111, sa_flags=SA_RESTART|SA_SIGINFO
SIGILL: [libjvm.dylib+0x741ffc], sa_mask[0]=11111111011111110111111111111111, sa_flags=SA_RESTART|SA_SIGINFO
SIGUSR2: [libjvm.dylib+0x5f3ffb], sa_mask[0]=00000000000000000000000000000000, sa_flags=SA_RESTART|SA_SIGINFO
SIGHUP: [libjvm.dylib+0x5f2b41], sa_mask[0]=11111111011111110111111111111111, sa_flags=SA_RESTART|SA_SIGINFO
SIGINT: [libjvm.dylib+0x5f2b41], sa_mask[0]=11111111011111110111111111111111, sa_flags=SA_RESTART|SA_SIGINFO
SIGTERM: [libjvm.dylib+0x5f2b41], sa_mask[0]=11111111011111110111111111111111, sa_flags=SA_RESTART|SA_SIGINFO
SIGQUIT: [libjvm.dylib+0x5f2b41], sa_mask[0]=11111111011111110111111111111111, sa_flags=SA_RESTART|SA_SIGINFO


---------------  S Y S T E M  ---------------

OS:uname:Darwin 19.6.0 Darwin Kernel Version 19.6.0: Thu Jun 18 20:49:00 PDT 2020; root:xnu-6153.141.1~1/RELEASE_X86_64 x86_64
OS uptime: 15 days 7:25 hours
rlimit: STACK 8192k, CORE 0k, NPROC 2784, NOFILE 10240, AS infinity, CPU infinity, DATA infinity, FSIZE infinity
load average:2.43 2.17 2.08

CPU:total 8 (initial active 8) (4 cores per cpu, 2 threads per core) family 6 model 158 stepping 9, cmov, cx8, fxsr, mmx, sse, sse2, sse3, ssse3, sse4.1, sse4.2, popcnt, avx, avx2, aes, clmul, erms, rtm, 3dnowpref, lzcnt, ht, tsc, tscinvbit, bmi1, bmi2, adx, fma

Memory: 4k page, physical 16777216k(681884k free), swap 5242880k(652032k free)

vm_info: OpenJDK 64-Bit Server VM (11.0.7+10) for bsd-amd64 JRE (11.0.7+10), built on Apr 15 2020 11:23:14 by "jenkins" with gcc 4.2.1 Compatible Apple LLVM 10.0.1 (clang-1001.0.46.4)

END.
